#
# A fatal error has been detected by the Java Runtime Environment:
#
#  SIGBUS (0x7) at pc=0x00007f956e603c06, pid=8627, tid=8637
#
# JRE version: OpenJDK Runtime Environment JBR-11.0.15.10-2043.56-jcef (11.0.15+10) (build 11.0.15+10-b2043.56)
# Java VM: OpenJDK 64-Bit Server VM JBR-11.0.15.10-2043.56-jcef (11.0.15+10-b2043.56, mixed mode, tiered, compressed oops, g1 gc, linux-amd64)
# Problematic frame:
# C  [libjimage.so+0x3c06]
#
# No core dump will be written. Core dumps have been disabled. To enable core dumping, try "ulimit -c unlimited" before starting Java again
#
# If you would like to submit a bug report, please visit:
#   https://bugreport.java.com/bugreport/crash.jsp
#

---------------  S U M M A R Y ------------

Command Line: -Djava.rmi.server.hostname=127.0.0.1 -Duser.timezone=UTC -Xmx750m -Xms128m -Dfile.encoding=UTF-8 com.intellij.database.remote.RemoteJdbcServer org.postgresql.Driver

Host: Intel(R) Core(TM) i5-3230M CPU @ 2.60GHz, 4 cores, 7G, Ubuntu 22.04.2 LTS
Time: Sat May 20 14:34:54 2023 +05 elapsed time: 3559.619927 seconds (0d 0h 59m 19s)

---------------  T H R E A D  ---------------

Current thread (0x00007f9568156000):  JavaThread "Signal Dispatcher" daemon [_thread_in_vm, id=8637, stack(0x00007f95543b6000,0x00007f95544b6000)]

Stack: [0x00007f95543b6000,0x00007f95544b6000],  sp=0x00007f95544b4080,  free space=1016k
Native frames: (J=compiled Java code, A=aot compiled Java code, j=interpreted, Vv=VM code, C=native code)
C  [libjimage.so+0x3c06]
C  [libjimage.so+0x4eb1]
C  [libjimage.so+0x512e]
C  [libjimage.so+0x52b1]
[error occurred during error reporting (printing native stack), id 0x7, SIGBUS (0x7) at pc=0x00007f95700df460]

Java frames: (J=compiled Java code, j=interpreted, Vv=VM code)
j  jdk.internal.misc.Signal.dispatch(I)V+25 java.base@11.0.15
v  ~StubRoutines::call_stub

siginfo: si_signo: 7 (SIGBUS), si_code: 2 (BUS_ADRERR), si_addr: 0x00007f9567e34481

Register to memory mapping:

RAX=0x00000000000bd835 is an unknown value
RBX=0x00007f95680350f0 points into unknown readable memory: 0x00007f9568035170 | 70 51 03 68 95 7f 00 00
RCX=0x00007f95544b4110 is pointing into the stack for thread: 0x00007f9568156000
RDX=0x000000000000033d is an unknown value
RSP=0x00007f95544b4080 is pointing into the stack for thread: 0x00007f9568156000
RBP=0x00007f95544b40f0 is pointing into the stack for thread: 0x00007f9568156000
RSI=0x00007f95681569a0 points into unknown readable memory: 0x65746e692f6b646a | 6a 64 6b 2f 69 6e 74 65
RDI=0x00007f9567e34479 is an unknown value
R8 =0x00007f956e81c050: <offset 0x000000000021c050> in /media/vitaliy/Data/Soft/IntelliJ IDEA 2022.1.2 Ultimate/idea-IU-221.5787.30/jbr/lib/libjimage.so at 0x00007f956e600000
R9 =0x0000000000000007 is an unknown value
R10=0x0000000000000002 is an unknown value
R11=0x00007f95544b4160 is pointing into the stack for thread: 0x00007f9568156000
R12=0x00007f95544b4110 is pointing into the stack for thread: 0x00007f9568156000
R13=0x00007f9567e34479 is an unknown value
R14=0x00007f95544b4090 is pointing into the stack for thread: 0x00007f9568156000
R15=0x00007f9567e34479 is an unknown value


Registers:
RAX=0x00000000000bd835, RBX=0x00007f95680350f0, RCX=0x00007f95544b4110, RDX=0x000000000000033d
RSP=0x00007f95544b4080, RBP=0x00007f95544b40f0, RSI=0x00007f95681569a0, RDI=0x00007f9567e34479
R8 =0x00007f956e81c050, R9 =0x0000000000000007, R10=0x0000000000000002, R11=0x00007f95544b4160
R12=0x00007f95544b4110, R13=0x00007f9567e34479, R14=0x00007f95544b4090, R15=0x00007f9567e34479
RIP=0x00007f956e603c06, EFLAGS=0x0000000000010202, CSGSFS=0x002b000000000033, ERR=0x0000000000000004
  TRAPNO=0x000000000000000e

Top of Stack: (sp=0x00007f95544b4080)
0x00007f95544b4080:   000000000000033d 00007f95681569a0
0x00007f95544b4090:   00000000ffffffff 0000003000000018
0x00007f95544b40a0:   00007f95544b4190 00007f95544b40b0
0x00007f95544b40b0:   0000000000000000 0000000000000000 

Instructions: (pc=0x00007f956e603c06)
0x00007f956e603b06:   00 00 c3 90 66 0f 1f 44 00 00 55 48 83 3d 3f 85
0x00007f956e603b16:   21 00 00 48 89 e5 41 56 41 55 49 89 fd 41 54 53
0x00007f956e603b26:   74 68 8b 05 32 85 21 00 85 c0 7e 46 48 8b 1d 1f
0x00007f956e603b36:   85 21 00 83 e8 01 4c 8d 74 c3 08 eb 0e 0f 1f 44
0x00007f956e603b46:   00 00 48 83 c3 08 4c 39 f3 74 27 4c 8b 23 4c 89
0x00007f956e603b56:   ee 49 8b 7c 24 08 e8 bf f6 ff ff 85 c0 75 e3 5b
0x00007f956e603b66:   4c 89 e0 41 5c 41 5d 41 5e 5d c3 0f 1f 80 00 00
0x00007f956e603b76:   00 00 45 31 e4 5b 4c 89 e0 41 5c 41 5d 41 5e 5d
0x00007f956e603b86:   c3 66 0f 1f 84 00 00 00 00 00 e8 8b fe ff ff eb
0x00007f956e603b96:   91 90 0f 1f 84 00 00 00 00 00 0f b6 47 04 48 63
0x00007f956e603ba6:   17 48 c1 e0 20 48 09 d0 0f b6 57 05 48 c1 e2 28
0x00007f956e603bb6:   48 09 d0 0f b6 57 06 48 c1 e2 30 48 09 d0 0f b6
0x00007f956e603bc6:   57 07 48 c1 e2 38 48 09 d0 c3 8b 07 c3 90 66 90
0x00007f956e603bd6:   66 2e 0f 1f 84 00 00 00 00 00 55 48 89 e5 41 57
0x00007f956e603be6:   49 89 ff 41 56 4c 8d 75 a0 41 55 49 89 fd 41 54
0x00007f956e603bf6:   49 89 cc 53 48 83 ec 48 48 89 75 98 48 89 55 90
0x00007f956e603c06:   41 0f b6 47 08 49 63 4f 04 41 0f b6 7f 10 41 8b
0x00007f956e603c16:   17 48 c1 e0 20 48 09 c8 41 0f b6 4f 09 48 c1 e7
0x00007f956e603c26:   20 89 55 a0 48 c1 e1 28 48 09 c8 41 0f b6 4f 0a
0x00007f956e603c36:   48 c1 e1 30 48 09 c8 41 0f b6 4f 0b 48 c1 e1 38
0x00007f956e603c46:   48 09 c8 49 8b 4f 14 48 89 45 a8 49 63 47 0c 48
0x00007f956e603c56:   89 4d b8 48 09 c7 41 0f b6 47 11 48 c1 e0 28 48
0x00007f956e603c66:   09 c7 41 0f b6 47 12 48 c1 e0 30 48 09 c7 41 0f
0x00007f956e603c76:   b6 47 13 48 c1 e0 38 48 09 c7 41 0f b6 47 1c 48
0x00007f956e603c86:   89 7d b0 88 45 c0 81 fa fa fa fe ca 74 2c 48 8b
0x00007f956e603c96:   55 90 48 8b 7d 98 4c 89 fe e8 9c f5 ff ff 4d 85
0x00007f956e603ca6:   ff 74 08 4c 89 ff e8 7f 2e 00 00 48 83 c4 48 5b
0x00007f956e603cb6:   41 5c 41 5d 41 5e 41 5f 5d c3 e8 db 28 00 00 8b
0x00007f956e603cc6:   7d b8 49 03 3c 24 48 89 c3 e8 3c fe ff ff 49 8d
0x00007f956e603cd6:   77 1d 4d 89 e0 4c 89 f1 4c 8b 10 48 89 da 48 89
0x00007f956e603ce6:   c7 41 ff 12 4d 85 ff 74 0d 4d 39 ef 74 08 4c 89
0x00007f956e603cf6:   ff e8 34 2e 00 00 49 89 df e9 02 ff ff ff 66 90 


Stack slot to memory mapping:
stack at sp + 0 slots: 0x000000000000033d is an unknown value
stack at sp + 1 slots: 0x00007f95681569a0 points into unknown readable memory: 0x65746e692f6b646a | 6a 64 6b 2f 69 6e 74 65
stack at sp + 2 slots: 
[error occurred during error reporting (inspecting top of stack), id 0xb, SIGSEGV (0xb) at pc=0x00007f956f963817]


---------------  P R O C E S S  ---------------

Threads class SMR info:
_java_thread_list=0x00007f94e4038bd0, length=16, elements={
0x00007f9568027000, 0x00007f956813c800, 0x00007f9568141000, 0x00007f9568156000,
0x00007f9568158000, 0x00007f956815a000, 0x00007f956815c000, 0x00007f956815e000,
0x00007f95681df800, 0x00007f956830a000, 0x00007f9568315800, 0x00007f9568317000,
0x00007f956831a800, 0x00007f9514001800, 0x00007f95040df000, 0x00007f9508003000
}

Java Threads: ( => current thread )
  0x00007f9568027000 JavaThread "main" [_thread_blocked, id=8628, stack(0x00007f95706d8000,0x00007f95707d8000)]
  0x00007f956813c800 JavaThread "Reference Handler" daemon [_thread_blocked, id=8635, stack(0x00007f95545b6000,0x00007f95546b6000)]
  0x00007f9568141000 JavaThread "Finalizer" daemon [_thread_blocked, id=8636, stack(0x00007f95544b6000,0x00007f95545b6000)]
=>0x00007f9568156000 JavaThread "Signal Dispatcher" daemon [_thread_in_vm, id=8637, stack(0x00007f95543b6000,0x00007f95544b6000)]
  0x00007f9568158000 JavaThread "Service Thread" daemon [_thread_blocked, id=8638, stack(0x00007f95542b6000,0x00007f95543b6000)]
  0x00007f956815a000 JavaThread "C2 CompilerThread0" daemon [_thread_blocked, id=8639, stack(0x00007f95541b6000,0x00007f95542b6000)]
  0x00007f956815c000 JavaThread "C1 CompilerThread0" daemon [_thread_blocked, id=8640, stack(0x00007f95540b6000,0x00007f95541b6000)]
  0x00007f956815e000 JavaThread "Sweeper thread" daemon [_thread_blocked, id=8641, stack(0x00007f954598b000,0x00007f9545a8b000)]
  0x00007f95681df800 JavaThread "Common-Cleaner" daemon [_thread_blocked, id=8643, stack(0x00007f9545789000,0x00007f9545889000)]
  0x00007f956830a000 JavaThread "RMI TCP Accept-37154" daemon [_thread_in_native, id=8644, stack(0x00007f9545689000,0x00007f9545789000)]
  0x00007f9568315800 JavaThread "RMI TCP Accept-0" daemon [_thread_in_native, id=8645, stack(0x00007f9545300000,0x00007f9545400000)]
  0x00007f9568317000 JavaThread "RMI Reaper" [_thread_blocked, id=8646, stack(0x00007f9544f00000,0x00007f9545000000)]
  0x00007f956831a800 JavaThread "RMI GC Daemon" daemon [_thread_blocked, id=8647, stack(0x00007f9544b00000,0x00007f9544c00000)]
  0x00007f9514001800 JavaThread "RMI TCP Connection(idle)" daemon [_thread_blocked, id=8648, stack(0x00007f9544500000,0x00007f9544600000)]
  0x00007f95040df000 JavaThread "RMI Scheduler(0)" daemon [_thread_blocked, id=8651, stack(0x00007f9544300000,0x00007f9544400000)]
  0x00007f9508003000 JavaThread "RMI TCP Connection(idle)" daemon [_thread_blocked, id=11597, stack(0x00007f94f6600000,0x00007f94f6700000)]

Other Threads:
  0x00007f9568134000 VMThread "VM Thread" [stack: 0x00007f95546b8000,0x00007f95547b8000] [id=8634]
  0x00007f95681ce000 WatcherThread [stack: 0x00007f954588b000,0x00007f954598b000] [id=8642]
  0x00007f9568040800 GCTaskThread "GC Thread#0" [stack: 0x00007f956ed00000,0x00007f956ee00000] [id=8629]
  0x00007f953c099000 GCTaskThread "GC Thread#1" [stack: 0x00007f94f7f00000,0x00007f94f8000000] [id=8653]
  0x00007f953c09a800 GCTaskThread "GC Thread#2" [stack: 0x00007f94f7dfe000,0x00007f94f7efe000] [id=8654]
  0x00007f953c09c000 GCTaskThread "GC Thread#3" [stack: 0x00007f94f7cfc000,0x00007f94f7dfc000] [id=8655]
  0x00007f9568056800 ConcurrentGCThread "G1 Main Marker" [stack: 0x00007f956c329000,0x00007f956c429000] [id=8630]
  0x00007f9568058800 ConcurrentGCThread "G1 Conc#0" [stack: 0x00007f956c227000,0x00007f956c327000] [id=8631]
  0x00007f95680cf800 ConcurrentGCThread "G1 Refine#0" [stack: 0x00007f95550bc000,0x00007f95551bc000] [id=8632]
  0x00007f9540001000 ConcurrentGCThread "G1 Refine#1" [stack: 0x00007f94f7bfa000,0x00007f94f7cfa000] [id=8656]
  0x00007f95680d1000 ConcurrentGCThread "G1 Young RemSet Sampling" [stack: 0x00007f9554fba000,0x00007f95550ba000] [id=8633]

Threads with active compile tasks:

VM state:not at safepoint (normal execution)

VM Mutex/Monitor currently owned by a thread: None

Heap address: 0x00000000d1200000, size: 750 MB, Compressed Oops mode: 32-bit
Narrow klass base: 0x0000000000000000, Narrow klass shift: 3
Compressed class space size: 1073741824 Address: 0x0000000100000000

Heap:
 garbage-first heap   total 131072K, used 44300K [0x00000000d1200000, 0x0000000100000000)
  region size 1024K, 41 young (41984K), 3 survivors (3072K)
 Metaspace       used 22917K, capacity 23691K, committed 23856K, reserved 1071104K
  class space    used 2289K, capacity 2590K, committed 2688K, reserved 1048576K
Heap Regions: E=young(eden), S=young(survivor), O=old, HS=humongous(starts), HC=humongous(continues), CS=collection set, F=free, A=archive, TAMS=top-at-mark-start (previous, next)
|   0|0x00000000d1200000, 0x00000000d1300000, 0x00000000d1300000|100%| O|  |TAMS 0x00000000d1300000, 0x00000000d1200000| Untracked 
|   1|0x00000000d1300000, 0x00000000d1400000, 0x00000000d1400000|100%| O|  |TAMS 0x00000000d1400000, 0x00000000d1300000| Untracked 
|   2|0x00000000d1400000, 0x00000000d1500000, 0x00000000d1500000|100%| O|  |TAMS 0x00000000d1500000, 0x00000000d1400000| Untracked 
|   3|0x00000000d1500000, 0x00000000d1600000, 0x00000000d1600000|100%| O|  |TAMS 0x00000000d1592400, 0x00000000d1500000| Untracked 
|   4|0x00000000d1600000, 0x00000000d1643000, 0x00000000d1700000| 26%| O|  |TAMS 0x00000000d1600000, 0x00000000d1600000| Untracked 
|   5|0x00000000d1700000, 0x00000000d1700000, 0x00000000d1800000|  0%| F|  |TAMS 0x00000000d1700000, 0x00000000d1700000| Untracked 
|   6|0x00000000d1800000, 0x00000000d1800000, 0x00000000d1900000|  0%| F|  |TAMS 0x00000000d1800000, 0x00000000d1800000| Untracked 
|   7|0x00000000d1900000, 0x00000000d1900000, 0x00000000d1a00000|  0%| F|  |TAMS 0x00000000d1900000, 0x00000000d1900000| Untracked 
|   8|0x00000000d1a00000, 0x00000000d1a00000, 0x00000000d1b00000|  0%| F|  |TAMS 0x00000000d1a00000, 0x00000000d1a00000| Untracked 
|   9|0x00000000d1b00000, 0x00000000d1b00000, 0x00000000d1c00000|  0%| F|  |TAMS 0x00000000d1b00000, 0x00000000d1b00000| Untracked 
|  10|0x00000000d1c00000, 0x00000000d1c00000, 0x00000000d1d00000|  0%| F|  |TAMS 0x00000000d1c00000, 0x00000000d1c00000| Untracked 
|  11|0x00000000d1d00000, 0x00000000d1d00000, 0x00000000d1e00000|  0%| F|  |TAMS 0x00000000d1d00000, 0x00000000d1d00000| Untracked 
|  12|0x00000000d1e00000, 0x00000000d1e00000, 0x00000000d1f00000|  0%| F|  |TAMS 0x00000000d1e00000, 0x00000000d1e00000| Untracked 
|  13|0x00000000d1f00000, 0x00000000d1f00000, 0x00000000d2000000|  0%| F|  |TAMS 0x00000000d1f00000, 0x00000000d1f00000| Untracked 
|  14|0x00000000d2000000, 0x00000000d2000000, 0x00000000d2100000|  0%| F|  |TAMS 0x00000000d2000000, 0x00000000d2000000| Untracked 
|  15|0x00000000d2100000, 0x00000000d2100000, 0x00000000d2200000|  0%| F|  |TAMS 0x00000000d2100000, 0x00000000d2100000| Untracked 
|  16|0x00000000d2200000, 0x00000000d2200000, 0x00000000d2300000|  0%| F|  |TAMS 0x00000000d2200000, 0x00000000d2200000| Untracked 
|  17|0x00000000d2300000, 0x00000000d2300000, 0x00000000d2400000|  0%| F|  |TAMS 0x00000000d2300000, 0x00000000d2300000| Untracked 
|  18|0x00000000d2400000, 0x00000000d2400000, 0x00000000d2500000|  0%| F|  |TAMS 0x00000000d2400000, 0x00000000d2400000| Untracked 
|  19|0x00000000d2500000, 0x00000000d2500000, 0x00000000d2600000|  0%| F|  |TAMS 0x00000000d2500000, 0x00000000d2500000| Untracked 
|  20|0x00000000d2600000, 0x00000000d2600000, 0x00000000d2700000|  0%| F|  |TAMS 0x00000000d2600000, 0x00000000d2600000| Untracked 
|  21|0x00000000d2700000, 0x00000000d2700000, 0x00000000d2800000|  0%| F|  |TAMS 0x00000000d2700000, 0x00000000d2700000| Untracked 
|  22|0x00000000d2800000, 0x00000000d2800000, 0x00000000d2900000|  0%| F|  |TAMS 0x00000000d2800000, 0x00000000d2800000| Untracked 
|  23|0x00000000d2900000, 0x00000000d2900000, 0x00000000d2a00000|  0%| F|  |TAMS 0x00000000d2900000, 0x00000000d2900000| Untracked 
|  24|0x00000000d2a00000, 0x00000000d2a00000, 0x00000000d2b00000|  0%| F|  |TAMS 0x00000000d2a00000, 0x00000000d2a00000| Untracked 
|  25|0x00000000d2b00000, 0x00000000d2b00000, 0x00000000d2c00000|  0%| F|  |TAMS 0x00000000d2b00000, 0x00000000d2b00000| Untracked 
|  26|0x00000000d2c00000, 0x00000000d2c00000, 0x00000000d2d00000|  0%| F|  |TAMS 0x00000000d2c00000, 0x00000000d2c00000| Untracked 
|  27|0x00000000d2d00000, 0x00000000d2d00000, 0x00000000d2e00000|  0%| F|  |TAMS 0x00000000d2d00000, 0x00000000d2d00000| Untracked 
|  28|0x00000000d2e00000, 0x00000000d2e00000, 0x00000000d2f00000|  0%| F|  |TAMS 0x00000000d2e00000, 0x00000000d2e00000| Untracked 
|  29|0x00000000d2f00000, 0x00000000d2f00000, 0x00000000d3000000|  0%| F|  |TAMS 0x00000000d2f00000, 0x00000000d2f00000| Untracked 
|  30|0x00000000d3000000, 0x00000000d3000000, 0x00000000d3100000|  0%| F|  |TAMS 0x00000000d3000000, 0x00000000d3000000| Untracked 
|  31|0x00000000d3100000, 0x00000000d3100000, 0x00000000d3200000|  0%| F|  |TAMS 0x00000000d3100000, 0x00000000d3100000| Untracked 
|  32|0x00000000d3200000, 0x00000000d3200000, 0x00000000d3300000|  0%| F|  |TAMS 0x00000000d3200000, 0x00000000d3200000| Untracked 
|  33|0x00000000d3300000, 0x00000000d3300000, 0x00000000d3400000|  0%| F|  |TAMS 0x00000000d3300000, 0x00000000d3300000| Untracked 
|  34|0x00000000d3400000, 0x00000000d3400000, 0x00000000d3500000|  0%| F|  |TAMS 0x00000000d3400000, 0x00000000d3400000| Untracked 
|  35|0x00000000d3500000, 0x00000000d3500000, 0x00000000d3600000|  0%| F|  |TAMS 0x00000000d3500000, 0x00000000d3500000| Untracked 
|  36|0x00000000d3600000, 0x00000000d3600000, 0x00000000d3700000|  0%| F|  |TAMS 0x00000000d3600000, 0x00000000d3600000| Untracked 
|  37|0x00000000d3700000, 0x00000000d3700000, 0x00000000d3800000|  0%| F|  |TAMS 0x00000000d3700000, 0x00000000d3700000| Untracked 
|  38|0x00000000d3800000, 0x00000000d3800000, 0x00000000d3900000|  0%| F|  |TAMS 0x00000000d3800000, 0x00000000d3800000| Untracked 
|  39|0x00000000d3900000, 0x00000000d3900000, 0x00000000d3a00000|  0%| F|  |TAMS 0x00000000d3900000, 0x00000000d3900000| Untracked 
|  40|0x00000000d3a00000, 0x00000000d3a00000, 0x00000000d3b00000|  0%| F|  |TAMS 0x00000000d3a00000, 0x00000000d3a00000| Untracked 
|  41|0x00000000d3b00000, 0x00000000d3b00000, 0x00000000d3c00000|  0%| F|  |TAMS 0x00000000d3b00000, 0x00000000d3b00000| Untracked 
|  42|0x00000000d3c00000, 0x00000000d3c00000, 0x00000000d3d00000|  0%| F|  |TAMS 0x00000000d3c00000, 0x00000000d3c00000| Untracked 
|  43|0x00000000d3d00000, 0x00000000d3d00000, 0x00000000d3e00000|  0%| F|  |TAMS 0x00000000d3d00000, 0x00000000d3d00000| Untracked 
|  44|0x00000000d3e00000, 0x00000000d3e00000, 0x00000000d3f00000|  0%| F|  |TAMS 0x00000000d3e00000, 0x00000000d3e00000| Untracked 
|  45|0x00000000d3f00000, 0x00000000d3f00000, 0x00000000d4000000|  0%| F|  |TAMS 0x00000000d3f00000, 0x00000000d3f00000| Untracked 
|  46|0x00000000d4000000, 0x00000000d4000000, 0x00000000d4100000|  0%| F|  |TAMS 0x00000000d4000000, 0x00000000d4000000| Untracked 
|  47|0x00000000d4100000, 0x00000000d4100000, 0x00000000d4200000|  0%| F|  |TAMS 0x00000000d4100000, 0x00000000d4100000| Untracked 
|  48|0x00000000d4200000, 0x00000000d4200000, 0x00000000d4300000|  0%| F|  |TAMS 0x00000000d4200000, 0x00000000d4200000| Untracked 
|  49|0x00000000d4300000, 0x00000000d4300000, 0x00000000d4400000|  0%| F|  |TAMS 0x00000000d4300000, 0x00000000d4300000| Untracked 
|  50|0x00000000d4400000, 0x00000000d4400000, 0x00000000d4500000|  0%| F|  |TAMS 0x00000000d4400000, 0x00000000d4400000| Untracked 
|  51|0x00000000d4500000, 0x00000000d4500000, 0x00000000d4600000|  0%| F|  |TAMS 0x00000000d4500000, 0x00000000d4500000| Untracked 
|  52|0x00000000d4600000, 0x00000000d4700000, 0x00000000d4700000|100%| S|CS|TAMS 0x00000000d4600000, 0x00000000d4600000| Complete 
|  53|0x00000000d4700000, 0x00000000d4800000, 0x00000000d4800000|100%| S|CS|TAMS 0x00000000d4700000, 0x00000000d4700000| Complete 
|  54|0x00000000d4800000, 0x00000000d4900000, 0x00000000d4900000|100%| S|CS|TAMS 0x00000000d4800000, 0x00000000d4800000| Complete 
|  55|0x00000000d4900000, 0x00000000d4900000, 0x00000000d4a00000|  0%| F|  |TAMS 0x00000000d4900000, 0x00000000d4900000| Untracked 
|  56|0x00000000d4a00000, 0x00000000d4a00000, 0x00000000d4b00000|  0%| F|  |TAMS 0x00000000d4a00000, 0x00000000d4a00000| Untracked 
|  57|0x00000000d4b00000, 0x00000000d4b00000, 0x00000000d4c00000|  0%| F|  |TAMS 0x00000000d4b00000, 0x00000000d4b00000| Untracked 
|  58|0x00000000d4c00000, 0x00000000d4c00000, 0x00000000d4d00000|  0%| F|  |TAMS 0x00000000d4c00000, 0x00000000d4c00000| Untracked 
|  59|0x00000000d4d00000, 0x00000000d4d00000, 0x00000000d4e00000|  0%| F|  |TAMS 0x00000000d4d00000, 0x00000000d4d00000| Untracked 
|  60|0x00000000d4e00000, 0x00000000d4e00000, 0x00000000d4f00000|  0%| F|  |TAMS 0x00000000d4e00000, 0x00000000d4e00000| Untracked 
|  61|0x00000000d4f00000, 0x00000000d4f00000, 0x00000000d5000000|  0%| F|  |TAMS 0x00000000d4f00000, 0x00000000d4f00000| Untracked 
|  62|0x00000000d5000000, 0x00000000d5000000, 0x00000000d5100000|  0%| F|  |TAMS 0x00000000d5000000, 0x00000000d5000000| Untracked 
|  63|0x00000000d5100000, 0x00000000d5100000, 0x00000000d5200000|  0%| F|  |TAMS 0x00000000d5100000, 0x00000000d5100000| Untracked 
|  64|0x00000000d5200000, 0x00000000d5200000, 0x00000000d5300000|  0%| F|  |TAMS 0x00000000d5200000, 0x00000000d5200000| Untracked 
|  65|0x00000000d5300000, 0x00000000d5300000, 0x00000000d5400000|  0%| F|  |TAMS 0x00000000d5300000, 0x00000000d5300000| Untracked 
|  66|0x00000000d5400000, 0x00000000d5400000, 0x00000000d5500000|  0%| F|  |TAMS 0x00000000d5400000, 0x00000000d5400000| Untracked 
|  67|0x00000000d5500000, 0x00000000d5500000, 0x00000000d5600000|  0%| F|  |TAMS 0x00000000d5500000, 0x00000000d5500000| Untracked 
|  68|0x00000000d5600000, 0x00000000d5600000, 0x00000000d5700000|  0%| F|  |TAMS 0x00000000d5600000, 0x00000000d5600000| Untracked 
|  69|0x00000000d5700000, 0x00000000d5700000, 0x00000000d5800000|  0%| F|  |TAMS 0x00000000d5700000, 0x00000000d5700000| Untracked 
|  70|0x00000000d5800000, 0x00000000d5800000, 0x00000000d5900000|  0%| F|  |TAMS 0x00000000d5800000, 0x00000000d5800000| Untracked 
|  71|0x00000000d5900000, 0x00000000d5900000, 0x00000000d5a00000|  0%| F|  |TAMS 0x00000000d5900000, 0x00000000d5900000| Untracked 
|  72|0x00000000d5a00000, 0x00000000d5a00000, 0x00000000d5b00000|  0%| F|  |TAMS 0x00000000d5a00000, 0x00000000d5a00000| Untracked 
|  73|0x00000000d5b00000, 0x00000000d5b00000, 0x00000000d5c00000|  0%| F|  |TAMS 0x00000000d5b00000, 0x00000000d5b00000| Untracked 
|  74|0x00000000d5c00000, 0x00000000d5c00000, 0x00000000d5d00000|  0%| F|  |TAMS 0x00000000d5c00000, 0x00000000d5c00000| Untracked 
|  75|0x00000000d5d00000, 0x00000000d5d00000, 0x00000000d5e00000|  0%| F|  |TAMS 0x00000000d5d00000, 0x00000000d5d00000| Untracked 
|  76|0x00000000d5e00000, 0x00000000d5e00000, 0x00000000d5f00000|  0%| F|  |TAMS 0x00000000d5e00000, 0x00000000d5e00000| Untracked 
|  77|0x00000000d5f00000, 0x00000000d5f00000, 0x00000000d6000000|  0%| F|  |TAMS 0x00000000d5f00000, 0x00000000d5f00000| Untracked 
|  78|0x00000000d6000000, 0x00000000d6000000, 0x00000000d6100000|  0%| F|  |TAMS 0x00000000d6000000, 0x00000000d6000000| Untracked 
|  79|0x00000000d6100000, 0x00000000d6100000, 0x00000000d6200000|  0%| F|  |TAMS 0x00000000d6100000, 0x00000000d6100000| Untracked 
|  80|0x00000000d6200000, 0x00000000d6200000, 0x00000000d6300000|  0%| F|  |TAMS 0x00000000d6200000, 0x00000000d6200000| Untracked 
|  81|0x00000000d6300000, 0x00000000d6300000, 0x00000000d6400000|  0%| F|  |TAMS 0x00000000d6300000, 0x00000000d6300000| Untracked 
|  82|0x00000000d6400000, 0x00000000d6400000, 0x00000000d6500000|  0%| F|  |TAMS 0x00000000d6400000, 0x00000000d6400000| Untracked 
|  83|0x00000000d6500000, 0x00000000d6500000, 0x00000000d6600000|  0%| F|  |TAMS 0x00000000d6500000, 0x00000000d6500000| Untracked 
|  84|0x00000000d6600000, 0x00000000d6600000, 0x00000000d6700000|  0%| F|  |TAMS 0x00000000d6600000, 0x00000000d6600000| Untracked 
|  85|0x00000000d6700000, 0x00000000d6700000, 0x00000000d6800000|  0%| F|  |TAMS 0x00000000d6700000, 0x00000000d6700000| Untracked 
|  86|0x00000000d6800000, 0x00000000d6800000, 0x00000000d6900000|  0%| F|  |TAMS 0x00000000d6800000, 0x00000000d6800000| Untracked 
|  87|0x00000000d6900000, 0x00000000d6900000, 0x00000000d6a00000|  0%| F|  |TAMS 0x00000000d6900000, 0x00000000d6900000| Untracked 
|  88|0x00000000d6a00000, 0x00000000d6a00000, 0x00000000d6b00000|  0%| F|  |TAMS 0x00000000d6a00000, 0x00000000d6a00000| Untracked 
|  89|0x00000000d6b00000, 0x00000000d6b00000, 0x00000000d6c00000|  0%| F|  |TAMS 0x00000000d6b00000, 0x00000000d6b00000| Untracked 
|  90|0x00000000d6c00000, 0x00000000d6c4ee40, 0x00000000d6d00000| 30%| E|  |TAMS 0x00000000d6c00000, 0x00000000d6c00000| Complete 
|  91|0x00000000d6d00000, 0x00000000d6e00000, 0x00000000d6e00000|100%| E|CS|TAMS 0x00000000d6d00000, 0x00000000d6d00000| Complete 
|  92|0x00000000d6e00000, 0x00000000d6f00000, 0x00000000d6f00000|100%| E|CS|TAMS 0x00000000d6e00000, 0x00000000d6e00000| Complete 
|  93|0x00000000d6f00000, 0x00000000d7000000, 0x00000000d7000000|100%| E|CS|TAMS 0x00000000d6f00000, 0x00000000d6f00000| Complete 
|  94|0x00000000d7000000, 0x00000000d7100000, 0x00000000d7100000|100%| E|CS|TAMS 0x00000000d7000000, 0x00000000d7000000| Complete 
|  95|0x00000000d7100000, 0x00000000d7200000, 0x00000000d7200000|100%| E|CS|TAMS 0x00000000d7100000, 0x00000000d7100000| Complete 
|  96|0x00000000d7200000, 0x00000000d7300000, 0x00000000d7300000|100%| E|CS|TAMS 0x00000000d7200000, 0x00000000d7200000| Complete 
|  97|0x00000000d7300000, 0x00000000d7400000, 0x00000000d7400000|100%| E|CS|TAMS 0x00000000d7300000, 0x00000000d7300000| Complete 
|  98|0x00000000d7400000, 0x00000000d7500000, 0x00000000d7500000|100%| E|CS|TAMS 0x00000000d7400000, 0x00000000d7400000| Complete 
|  99|0x00000000d7500000, 0x00000000d7600000, 0x00000000d7600000|100%| E|CS|TAMS 0x00000000d7500000, 0x00000000d7500000| Complete 
| 100|0x00000000d7600000, 0x00000000d7700000, 0x00000000d7700000|100%| E|CS|TAMS 0x00000000d7600000, 0x00000000d7600000| Complete 
| 101|0x00000000d7700000, 0x00000000d7800000, 0x00000000d7800000|100%| E|CS|TAMS 0x00000000d7700000, 0x00000000d7700000| Complete 
| 102|0x00000000d7800000, 0x00000000d7900000, 0x00000000d7900000|100%| E|CS|TAMS 0x00000000d7800000, 0x00000000d7800000| Complete 
| 103|0x00000000d7900000, 0x00000000d7a00000, 0x00000000d7a00000|100%| E|CS|TAMS 0x00000000d7900000, 0x00000000d7900000| Complete 
| 104|0x00000000d7a00000, 0x00000000d7b00000, 0x00000000d7b00000|100%| E|CS|TAMS 0x00000000d7a00000, 0x00000000d7a00000| Complete 
| 105|0x00000000d7b00000, 0x00000000d7c00000, 0x00000000d7c00000|100%| E|CS|TAMS 0x00000000d7b00000, 0x00000000d7b00000| Complete 
| 106|0x00000000d7c00000, 0x00000000d7d00000, 0x00000000d7d00000|100%| E|CS|TAMS 0x00000000d7c00000, 0x00000000d7c00000| Complete 
| 107|0x00000000d7d00000, 0x00000000d7e00000, 0x00000000d7e00000|100%| E|CS|TAMS 0x00000000d7d00000, 0x00000000d7d00000| Complete 
| 108|0x00000000d7e00000, 0x00000000d7f00000, 0x00000000d7f00000|100%| E|CS|TAMS 0x00000000d7e00000, 0x00000000d7e00000| Complete 
| 109|0x00000000d7f00000, 0x00000000d8000000, 0x00000000d8000000|100%| E|CS|TAMS 0x00000000d7f00000, 0x00000000d7f00000| Complete 
| 110|0x00000000d8000000, 0x00000000d8100000, 0x00000000d8100000|100%| E|CS|TAMS 0x00000000d8000000, 0x00000000d8000000| Complete 
| 111|0x00000000d8100000, 0x00000000d8200000, 0x00000000d8200000|100%| E|CS|TAMS 0x00000000d8100000, 0x00000000d8100000| Complete 
| 112|0x00000000d8200000, 0x00000000d8300000, 0x00000000d8300000|100%| E|  |TAMS 0x00000000d8200000, 0x00000000d8200000| Complete 
| 113|0x00000000d8300000, 0x00000000d8400000, 0x00000000d8400000|100%| E|CS|TAMS 0x00000000d8300000, 0x00000000d8300000| Complete 
| 114|0x00000000d8400000, 0x00000000d8500000, 0x00000000d8500000|100%| E|CS|TAMS 0x00000000d8400000, 0x00000000d8400000| Complete 
| 115|0x00000000d8500000, 0x00000000d8600000, 0x00000000d8600000|100%| E|CS|TAMS 0x00000000d8500000, 0x00000000d8500000| Complete 
| 116|0x00000000d8600000, 0x00000000d8700000, 0x00000000d8700000|100%| E|CS|TAMS 0x00000000d8600000, 0x00000000d8600000| Complete 
| 117|0x00000000d8700000, 0x00000000d8800000, 0x00000000d8800000|100%| E|CS|TAMS 0x00000000d8700000, 0x00000000d8700000| Complete 
| 118|0x00000000d8800000, 0x00000000d8900000, 0x00000000d8900000|100%| E|CS|TAMS 0x00000000d8800000, 0x00000000d8800000| Complete 
| 119|0x00000000d8900000, 0x00000000d8a00000, 0x00000000d8a00000|100%| E|CS|TAMS 0x00000000d8900000, 0x00000000d8900000| Complete 
| 120|0x00000000d8a00000, 0x00000000d8b00000, 0x00000000d8b00000|100%| E|CS|TAMS 0x00000000d8a00000, 0x00000000d8a00000| Complete 
| 121|0x00000000d8b00000, 0x00000000d8c00000, 0x00000000d8c00000|100%| E|CS|TAMS 0x00000000d8b00000, 0x00000000d8b00000| Complete 
| 122|0x00000000d8c00000, 0x00000000d8d00000, 0x00000000d8d00000|100%| E|CS|TAMS 0x00000000d8c00000, 0x00000000d8c00000| Complete 
| 123|0x00000000d8d00000, 0x00000000d8e00000, 0x00000000d8e00000|100%| E|CS|TAMS 0x00000000d8d00000, 0x00000000d8d00000| Complete 
| 124|0x00000000d8e00000, 0x00000000d8f00000, 0x00000000d8f00000|100%| E|CS|TAMS 0x00000000d8e00000, 0x00000000d8e00000| Complete 
| 125|0x00000000d8f00000, 0x00000000d9000000, 0x00000000d9000000|100%| E|CS|TAMS 0x00000000d8f00000, 0x00000000d8f00000| Complete 
| 126|0x00000000d9000000, 0x00000000d9100000, 0x00000000d9100000|100%| E|CS|TAMS 0x00000000d9000000, 0x00000000d9000000| Complete 
| 127|0x00000000d9100000, 0x00000000d9200000, 0x00000000d9200000|100%| E|CS|TAMS 0x00000000d9100000, 0x00000000d9100000| Complete 

Card table byte_map: [0x00007f956dd10000,0x00007f956de87000] _byte_map_base: 0x00007f956d687000

Marking Bits (Prev, Next): (CMBitMap*) 0x00007f9568052990, (CMBitMap*) 0x00007f9568052958
 Prev Bits: [0x00007f956c429000, 0x00007f956cfe1000)
 Next Bits: [0x00007f956cfe1000, 0x00007f956db99000)

Polling page: 0x00007f9570de5000

Metaspace:

Usage:
  Non-class:     20,61 MB capacity,    20,14 MB ( 98%) used,   399,12 KB (  2%) free+waste,    73,81 KB ( <1%) overhead. 
      Class:      2,53 MB capacity,     2,24 MB ( 88%) used,   265,69 KB ( 10%) free+waste,    34,50 KB (  1%) overhead. 
       Both:     23,14 MB capacity,    22,38 MB ( 97%) used,   664,80 KB (  3%) free+waste,   108,31 KB ( <1%) overhead. 

Virtual space:
  Non-class space:       22,00 MB reserved,      20,67 MB ( 94%) committed 
      Class space:        1,00 GB reserved,       2,62 MB ( <1%) committed 
             Both:        1,02 GB reserved,      23,30 MB (  2%) committed 

Chunk freelists:
   Non-Class:  3,00 KB
       Class:  0 bytes
        Both:  3,00 KB

MaxMetaspaceSize: unlimited
CompressedClassSpaceSize: 1,00 GB
Initial GC threshold: 20,80 MB
Current GC threshold: 35,08 MB
CDS: off

CodeHeap 'non-profiled nmethods': size=120032Kb used=2479Kb max_used=2479Kb free=117552Kb
 bounds [0x00007f955ce86000, 0x00007f955d0f6000, 0x00007f95643be000]
CodeHeap 'profiled nmethods': size=120032Kb used=7956Kb max_used=7956Kb free=112075Kb
 bounds [0x00007f955594e000, 0x00007f955611e000, 0x00007f955ce86000]
CodeHeap 'non-nmethods': size=5696Kb used=1240Kb max_used=1295Kb free=4455Kb
 bounds [0x00007f95553be000, 0x00007f955562e000, 0x00007f955594e000]
 total_blobs=4135 nmethods=3618 adapters=429
 compilation: enabled
              stopped_count=0, restarted_count=0
 full_count=0

Compilation events (20 events):
Event: 3429,992 Thread 0x00007f956815c000 nmethod 3639 0x00007f955610ad90 code [0x00007f955610afa0, 0x00007f955610b480]
Event: 3430,001 Thread 0x00007f956815a000 nmethod 3638 0x00007f955d0f1110 code [0x00007f955d0f12c0, 0x00007f955d0f1378]
Event: 3430,030 Thread 0x00007f956815c000 3641       3       java.lang.Thread::<init> (249 bytes)
Event: 3430,037 Thread 0x00007f956815c000 nmethod 3641 0x00007f955610b610 code [0x00007f955610b9e0, 0x00007f955610d960]
Event: 3430,037 Thread 0x00007f956815c000 3642   !   3       java.lang.ThreadGroup::addUnstarted (40 bytes)
Event: 3430,037 Thread 0x00007f956815c000 nmethod 3642 0x00007f955610e310 code [0x00007f955610e4e0, 0x00007f955610e840]
Event: 3430,059 Thread 0x00007f956815c000 3643       3       java.lang.ClassLoader::getSystemClassLoader (95 bytes)
Event: 3430,061 Thread 0x00007f956815c000 nmethod 3643 0x00007f955610e990 code [0x00007f955610ec00, 0x00007f955610f6c0]
Event: 3430,071 Thread 0x00007f956815c000 3644       3       java.lang.Thread::<init> (12 bytes)
Event: 3430,072 Thread 0x00007f956815c000 nmethod 3644 0x00007f955610fa10 code [0x00007f955610fbc0, 0x00007f955610fd00]
Event: 3430,072 Thread 0x00007f956815c000 3645   !   3       java.lang.ThreadGroup::add (110 bytes)
Event: 3430,073 Thread 0x00007f956815c000 nmethod 3645 0x00007f955610fd90 code [0x00007f955610ffc0, 0x00007f9556110870]
Event: 3430,088 Thread 0x00007f956815c000 3647       3       java.lang.Thread::setDaemon (25 bytes)
Event: 3430,088 Thread 0x00007f956815c000 nmethod 3647 0x00007f9556110c10 code [0x00007f9556110e00, 0x00007f95561111c0]
Event: 3467,483 Thread 0x00007f956815c000 3649  s    3       java.util.Vector::removeElementAt (115 bytes)
Event: 3467,485 Thread 0x00007f956815c000 nmethod 3649 0x00007f9556111390 code [0x00007f9556111660, 0x00007f95561124a0]
Event: 3551,051 Thread 0x00007f956815c000 3651       3       java.lang.Thread::isInterrupted (6 bytes)
Event: 3551,052 Thread 0x00007f956815c000 nmethod 3651 0x00007f9556112910 code [0x00007f9556112ac0, 0x00007f9556112be0]
Event: 3551,052 Thread 0x00007f956815c000 3652       3       java.util.concurrent.SynchronousQueue$TransferStack::shouldSpin (30 bytes)
Event: 3551,052 Thread 0x00007f956815c000 nmethod 3652 0x00007f9556112c90 code [0x00007f9556112e60, 0x00007f95561130f0]

GC Heap History (14 events):
Event: 0,878 GC heap before
{Heap before GC invocations=0 (full 0):
 garbage-first heap   total 131072K, used 13312K [0x00000000d1200000, 0x0000000100000000)
  region size 1024K, 14 young (14336K), 0 survivors (0K)
 Metaspace       used 12327K, capacity 12831K, committed 13056K, reserved 1060864K
  class space    used 1279K, capacity 1489K, committed 1536K, reserved 1048576K
}
Event: 0,883 GC heap after
{Heap after GC invocations=1 (full 0):
 garbage-first heap   total 131072K, used 3392K [0x00000000d1200000, 0x0000000100000000)
  region size 1024K, 2 young (2048K), 2 survivors (2048K)
 Metaspace       used 12327K, capacity 12831K, committed 13056K, reserved 1060864K
  class space    used 1279K, capacity 1489K, committed 1536K, reserved 1048576K
}
Event: 1,100 GC heap before
{Heap before GC invocations=1 (full 0):
 garbage-first heap   total 131072K, used 7488K [0x00000000d1200000, 0x0000000100000000)
  region size 1024K, 6 young (6144K), 2 survivors (2048K)
 Metaspace       used 15044K, capacity 15570K, committed 15744K, reserved 1062912K
  class space    used 1607K, capacity 1807K, committed 1920K, reserved 1048576K
}
Event: 1,104 GC heap after
{Heap after GC invocations=2 (full 0):
 garbage-first heap   total 131072K, used 4385K [0x00000000d1200000, 0x0000000100000000)
  region size 1024K, 1 young (1024K), 1 survivors (1024K)
 Metaspace       used 15044K, capacity 15570K, committed 15744K, reserved 1062912K
  class space    used 1607K, capacity 1807K, committed 1920K, reserved 1048576K
}
Event: 2,614 GC heap before
{Heap before GC invocations=2 (full 0):
 garbage-first heap   total 131072K, used 18721K [0x00000000d1200000, 0x0000000100000000)
  region size 1024K, 16 young (16384K), 1 survivors (1024K)
 Metaspace       used 20623K, capacity 21184K, committed 21296K, reserved 1069056K
  class space    used 2152K, capacity 2384K, committed 2432K, reserved 1048576K
}
Event: 2,621 GC heap after
{Heap after GC invocations=3 (full 0):
 garbage-first heap   total 131072K, used 5981K [0x00000000d1200000, 0x0000000100000000)
  region size 1024K, 3 young (3072K), 3 survivors (3072K)
 Metaspace       used 20623K, capacity 21184K, committed 21296K, reserved 1069056K
  class space    used 2152K, capacity 2384K, committed 2432K, reserved 1048576K
}
Event: 19,579 GC heap before
{Heap before GC invocations=4 (full 0):
 garbage-first heap   total 131072K, used 31581K [0x00000000d1200000, 0x0000000100000000)
  region size 1024K, 28 young (28672K), 3 survivors (3072K)
 Metaspace       used 21956K, capacity 22600K, committed 22704K, reserved 1069056K
  class space    used 2265K, capacity 2521K, committed 2560K, reserved 1048576K
}
Event: 19,591 GC heap after
{Heap after GC invocations=5 (full 0):
 garbage-first heap   total 131072K, used 6585K [0x00000000d1200000, 0x0000000100000000)
  region size 1024K, 3 young (3072K), 3 survivors (3072K)
 Metaspace       used 21956K, capacity 22600K, committed 22704K, reserved 1069056K
  class space    used 2265K, capacity 2521K, committed 2560K, reserved 1048576K
}
Event: 1478,110 GC heap before
{Heap before GC invocations=5 (full 0):
 garbage-first heap   total 131072K, used 70073K [0x00000000d1200000, 0x0000000100000000)
  region size 1024K, 65 young (66560K), 3 survivors (3072K)
 Metaspace       used 22548K, capacity 23303K, committed 23600K, reserved 1071104K
  class space    used 2278K, capacity 2569K, committed 2688K, reserved 1048576K
}
Event: 1478,116 GC heap after
{Heap after GC invocations=6 (full 0):
 garbage-first heap   total 131072K, used 7314K [0x00000000d1200000, 0x0000000100000000)
  region size 1024K, 3 young (3072K), 3 survivors (3072K)
 Metaspace       used 22548K, capacity 23303K, committed 23600K, reserved 1071104K
  class space    used 2278K, capacity 2569K, committed 2688K, reserved 1048576K
}
Event: 2721,693 GC heap before
{Heap before GC invocations=6 (full 0):
 garbage-first heap   total 131072K, used 82066K [0x00000000d1200000, 0x0000000100000000)
  region size 1024K, 76 young (77824K), 3 survivors (3072K)
 Metaspace       used 22793K, capacity 23571K, committed 23856K, reserved 1071104K
  class space    used 2284K, capacity 2581K, committed 2688K, reserved 1048576K
}
Event: 2721,700 GC heap after
{Heap after GC invocations=7 (full 0):
 garbage-first heap   total 131072K, used 7308K [0x00000000d1200000, 0x0000000100000000)
  region size 1024K, 3 young (3072K), 3 survivors (3072K)
 Metaspace       used 22793K, capacity 23571K, committed 23856K, reserved 1071104K
  class space    used 2284K, capacity 2581K, committed 2688K, reserved 1048576K
}
Event: 2844,172 GC heap before
{Heap before GC invocations=7 (full 0):
 garbage-first heap   total 131072K, used 82060K [0x00000000d1200000, 0x0000000100000000)
  region size 1024K, 76 young (77824K), 3 survivors (3072K)
 Metaspace       used 22896K, capacity 23623K, committed 23856K, reserved 1071104K
  class space    used 2289K, capacity 2590K, committed 2688K, reserved 1048576K
}
Event: 2844,209 GC heap after
{Heap after GC invocations=8 (full 0):
 garbage-first heap   total 131072K, used 7436K [0x00000000d1200000, 0x0000000100000000)
  region size 1024K, 3 young (3072K), 3 survivors (3072K)
 Metaspace       used 22896K, capacity 23623K, committed 23856K, reserved 1071104K
  class space    used 2289K, capacity 2590K, committed 2688K, reserved 1048576K
}

Deoptimization events (20 events):
Event: 2728,106 Thread 0x00007f9508001800 Uncommon trap: trap_request=0xffffff4d fr.pc=0x00007f955cf04cb8 relative=0x0000000000000118
Event: 2728,106 Thread 0x00007f9508001800 Uncommon trap: reason=unstable_if action=reinterpret pc=0x00007f955cf04cb8 method=java.lang.StringCoding.hasNegatives([BII)Z @ 12 c2
Event: 2728,106 Thread 0x00007f9508001800 DEOPT PACKING pc=0x00007f955cf04cb8 sp=0x00007f94f66ea230
Event: 2728,106 Thread 0x00007f9508001800 DEOPT UNPACKING pc=0x00007f9555407ea5 sp=0x00007f94f66ea1f8 mode 2
Event: 3430,001 Thread 0x00007f9508003000 Uncommon trap: trap_request=0xffffffde fr.pc=0x00007f955d0f130c relative=0x000000000000004c
Event: 3430,001 Thread 0x00007f9508003000 Uncommon trap: reason=class_check action=maybe_recompile pc=0x00007f955d0f130c method=java.lang.invoke.Invokers$Holder.linkToTargetMethod(Ljava/lang/Object;Ljava/lang/Object;)Ljava/lang/Object; @ 1 c2
Event: 3430,001 Thread 0x00007f9508003000 DEOPT PACKING pc=0x00007f955d0f130c sp=0x00007f94f66f9b00
Event: 3430,001 Thread 0x00007f9508003000 DEOPT UNPACKING pc=0x00007f9555407ea5 sp=0x00007f94f66f9ab0 mode 2
Event: 3430,005 Thread 0x00007f9508003000 Uncommon trap: trap_request=0xffffffde fr.pc=0x00007f955d0f130c relative=0x000000000000004c
Event: 3430,005 Thread 0x00007f9508003000 Uncommon trap: reason=class_check action=maybe_recompile pc=0x00007f955d0f130c method=java.lang.invoke.Invokers$Holder.linkToTargetMethod(Ljava/lang/Object;Ljava/lang/Object;)Ljava/lang/Object; @ 1 c2
Event: 3430,005 Thread 0x00007f9508003000 DEOPT PACKING pc=0x00007f955d0f130c sp=0x00007f94f66f9b00
Event: 3430,005 Thread 0x00007f9508003000 DEOPT UNPACKING pc=0x00007f9555407ea5 sp=0x00007f94f66f9ab0 mode 2
Event: 3430,026 Thread 0x00007f9508003000 Uncommon trap: trap_request=0xffffffde fr.pc=0x00007f955d0f130c relative=0x000000000000004c
Event: 3430,026 Thread 0x00007f9508003000 Uncommon trap: reason=class_check action=maybe_recompile pc=0x00007f955d0f130c method=java.lang.invoke.Invokers$Holder.linkToTargetMethod(Ljava/lang/Object;Ljava/lang/Object;)Ljava/lang/Object; @ 1 c2
Event: 3430,027 Thread 0x00007f9508003000 DEOPT PACKING pc=0x00007f955d0f130c sp=0x00007f94f66f9b00
Event: 3430,027 Thread 0x00007f9508003000 DEOPT UNPACKING pc=0x00007f9555407ea5 sp=0x00007f94f66f9ab0 mode 2
Event: 3430,029 Thread 0x00007f9508003000 Uncommon trap: trap_request=0xffffffde fr.pc=0x00007f955d0f130c relative=0x000000000000004c
Event: 3430,029 Thread 0x00007f9508003000 Uncommon trap: reason=class_check action=maybe_recompile pc=0x00007f955d0f130c method=java.lang.invoke.Invokers$Holder.linkToTargetMethod(Ljava/lang/Object;Ljava/lang/Object;)Ljava/lang/Object; @ 1 c2
Event: 3430,029 Thread 0x00007f9508003000 DEOPT PACKING pc=0x00007f955d0f130c sp=0x00007f94f66f9b00
Event: 3430,029 Thread 0x00007f9508003000 DEOPT UNPACKING pc=0x00007f9555407ea5 sp=0x00007f94f66f9ab0 mode 2

Classes redefined (0 events):
No events

Internal exceptions (20 events):
Event: 0,827 Thread 0x00007f9508001800 Exception <a 'java/lang/NoSuchMethodError'{0x00000000d85f3390}: 'java.lang.Object java.lang.invoke.DirectMethodHandle$Holder.invokeVirtual(java.lang.Object, java.lang.Object, java.lang.Object, java.lang.Object)'> (0x00000000d85f3390) thrown at [src/hotspot/share/interpreter/linkResolver.cpp, line 773]
Event: 0,846 Thread 0x00007f9508001800 Exception <a 'java/lang/NoSuchMethodError'{0x00000000d846cf80}: 'int java.lang.invoke.DirectMethodHandle$Holder.invokeStaticInit(java.lang.Object, java.lang.Object, java.lang.Object, java.lang.Object)'> (0x00000000d846cf80) thrown at [src/hotspot/share/interpreter/linkResolver.cpp, line 773]
Event: 0,848 Thread 0x00007f9508001800 Exception <a 'java/lang/IncompatibleClassChangeError'{0x00000000d84765a8}: Found class java.lang.Object, but interface was expected> (0x00000000d84765a8) thrown at [src/hotspot/share/interpreter/linkResolver.cpp, line 839]
Event: 0,849 Thread 0x00007f9508001800 Exception <a 'java/lang/NoSuchMethodError'{0x00000000d8479758}: 'void java.lang.invoke.DirectMethodHandle$Holder.invokeStaticInit(java.lang.Object, java.lang.Object)'> (0x00000000d8479758) thrown at [src/hotspot/share/interpreter/linkResolver.cpp, line 773]
Event: 0,850 Thread 0x00007f9508001800 Exception <a 'java/lang/NoSuchMethodError'{0x00000000d847f160}: 'int java.lang.invoke.DirectMethodHandle$Holder.invokeStaticInit(java.lang.Object, java.lang.Object)'> (0x00000000d847f160) thrown at [src/hotspot/share/interpreter/linkResolver.cpp, line 773]
Event: 0,922 Thread 0x00007f9508001800 Exception <a 'java/lang/NoSuchMethodError'{0x00000000d916fa48}: 'java.lang.Object java.lang.invoke.DirectMethodHandle$Holder.invokeStaticInit(java.lang.Object, java.lang.Object, java.lang.Object)'> (0x00000000d916fa48) thrown at [src/hotspot/share/interpreter/linkResolver.cpp, line 773]
Event: 0,994 Thread 0x00007f9508001800 Exception <a 'java/lang/NoSuchMethodError'{0x00000000d8f16fe8}: 'int java.lang.invoke.DirectMethodHandle$Holder.invokeSpecialIFC(java.lang.Object, java.lang.Object, int)'> (0x00000000d8f16fe8) thrown at [src/hotspot/share/interpreter/linkResolver.cpp, line 773]
Event: 1,814 Thread 0x00007f9508001800 Exception <a 'java/lang/reflect/InvocationTargetException'{0x00000000d86344b8}> (0x00000000d86344b8) thrown at [src/hotspot/share/runtime/reflection.cpp, line 1247]
Event: 1,818 Thread 0x00007f9508001800 Exception <a 'java/lang/NoSuchMethodError'{0x00000000d8648ea8}: <clinit>> (0x00000000d8648ea8) thrown at [src/hotspot/share/prims/jni.cpp, line 1367]
Event: 2,682 Thread 0x00007f9508001800 Exception <a 'java/lang/NoSuchMethodError'{0x00000000d907fa80}: <clinit>> (0x00000000d907fa80) thrown at [src/hotspot/share/prims/jni.cpp, line 1367]
Event: 2,732 Thread 0x00007f9508001800 Exception <a 'java/lang/NoSuchMethodError'{0x00000000d8fa0238}: <clinit>> (0x00000000d8fa0238) thrown at [src/hotspot/share/prims/jni.cpp, line 1367]
Event: 2,734 Thread 0x00007f9508001800 Exception <a 'java/lang/NoSuchMethodError'{0x00000000d8facad0}: <clinit>> (0x00000000d8facad0) thrown at [src/hotspot/share/prims/jni.cpp, line 1367]
Event: 2,791 Thread 0x00007f9508001800 Exception <a 'java/lang/NoSuchMethodError'{0x00000000d8ec4ad0}: <clinit>> (0x00000000d8ec4ad0) thrown at [src/hotspot/share/prims/jni.cpp, line 1367]
Event: 2,792 Thread 0x00007f9508001800 Exception <a 'java/lang/NoSuchMethodError'{0x00000000d8ecfc00}: <clinit>> (0x00000000d8ecfc00) thrown at [src/hotspot/share/prims/jni.cpp, line 1367]
Event: 2,794 Thread 0x00007f9508001800 Exception <a 'java/lang/NoSuchMethodError'{0x00000000d8ede3b0}: <clinit>> (0x00000000d8ede3b0) thrown at [src/hotspot/share/prims/jni.cpp, line 1367]
Event: 3,082 Thread 0x00007f9508001800 Exception <a 'java/lang/NoSuchMethodError'{0x00000000d8ba3bc8}: <clinit>> (0x00000000d8ba3bc8) thrown at [src/hotspot/share/prims/jni.cpp, line 1367]
Event: 23,413 Thread 0x00007f9508001800 Exception <a 'java/lang/NoSuchMethodError'{0x00000000d7fc8128}: <clinit>> (0x00000000d7fc8128) thrown at [src/hotspot/share/prims/jni.cpp, line 1367]
Event: 2722,064 Thread 0x00007f9508003000 Exception <a 'java/net/SocketException'{0x00000000d888f4d0}> (0x00000000d888f4d0) thrown at [src/hotspot/share/prims/jni.cpp, line 617]
Event: 2728,106 Thread 0x00007f9508001800 Exception <a 'java/net/SocketException'{0x00000000d7036368}> (0x00000000d7036368) thrown at [src/hotspot/share/prims/jni.cpp, line 617]
Event: 3429,693 Thread 0x00007f9508003000 Exception <a 'java/net/SocketException'{0x00000000d705bf38}> (0x00000000d705bf38) thrown at [src/hotspot/share/prims/jni.cpp, line 617]

Events (20 events):
Event: 3430,087 Protecting memory [0x00007f94f4a00000,0x00007f94f4a04000] with protection modes 0
Event: 3430,088 Executing VM operation: RevokeBias done
Event: 3430,089 Thread 0x00007f94d0017000 Thread added: 0x00007f94d0017000
Event: 3430,089 Executing VM operation: RevokeBias
Event: 3430,089 Protecting memory [0x00007f94f4b00000,0x00007f94f4b04000] with protection modes 0
Event: 3430,089 Executing VM operation: RevokeBias done
Event: 3430,089 Thread 0x00007f94d0007000 Thread added: 0x00007f94d0007000
Event: 3430,089 Thread 0x00007f94d0002800 Thread exited: 0x00007f94d0002800
Event: 3430,089 Executing VM operation: BulkRevokeBias
Event: 3430,092 Protecting memory [0x00007f94f5600000,0x00007f94f5604000] with protection modes 0
Event: 3430,093 Executing VM operation: BulkRevokeBias done
Event: 3430,093 Thread 0x00007f94d0007800 Thread added: 0x00007f94d0007800
Event: 3430,093 Thread 0x00007f94d0018800 Thread exited: 0x00007f94d0018800
Event: 3430,094 Thread 0x00007f94d0004800 Thread exited: 0x00007f94d0004800
Event: 3430,094 Protecting memory [0x00007f94f5400000,0x00007f94f5404000] with protection modes 0
Event: 3430,094 Thread 0x00007f94d0007800 Thread exited: 0x00007f94d0007800
Event: 3430,094 Thread 0x00007f94d0007000 Thread exited: 0x00007f94d0007000
Event: 3430,094 Thread 0x00007f94d0017000 Thread exited: 0x00007f94d0017000
Event: 3510,760 Thread 0x00007f9508005800 Thread exited: 0x00007f9508005800
Event: 3559,600 loading class jdk/internal/misc/Signal$1


Dynamic libraries:
d1200000-d9200000 rw-p 00000000 00:00 0 
d9200000-100000000 ---p 00000000 00:00 0 
100000000-1002a0000 rw-p 00000000 00:00 0 
1002a0000-140000000 ---p 00000000 00:00 0 
5570e4600000-5570e4601000 r-xp 00000000 08:06 8118                       /Soft/IntelliJ IDEA 2022.1.2 Ultimate/idea-IU-221.5787.30/jbr/bin/java
5570e4801000-5570e4802000 r--p 00001000 08:06 8118                       /Soft/IntelliJ IDEA 2022.1.2 Ultimate/idea-IU-221.5787.30/jbr/bin/java
5570e4802000-5570e4803000 rw-p 00002000 08:06 8118                       /Soft/IntelliJ IDEA 2022.1.2 Ultimate/idea-IU-221.5787.30/jbr/bin/java
5570e4bbf000-5570e4be0000 rw-p 00000000 00:00 0                          [heap]
7f94d0000000-7f94d0021000 rw-p 00000000 00:00 0 
7f94d0021000-7f94d4000000 ---p 00000000 00:00 0 
7f94d8000000-7f94d8021000 rw-p 00000000 00:00 0 
7f94d8021000-7f94dc000000 ---p 00000000 00:00 0 
7f94dc000000-7f94dc044000 rw-p 00000000 00:00 0 
7f94dc044000-7f94e0000000 ---p 00000000 00:00 0 
7f94e0000000-7f94e0021000 rw-p 00000000 00:00 0 
7f94e0021000-7f94e4000000 ---p 00000000 00:00 0 
7f94e4000000-7f94e4c32000 rw-p 00000000 00:00 0 
7f94e4c32000-7f94e8000000 ---p 00000000 00:00 0 
7f94e8000000-7f94e8021000 rw-p 00000000 00:00 0 
7f94e8021000-7f94ec000000 ---p 00000000 00:00 0 
7f94ec000000-7f94ec021000 rw-p 00000000 00:00 0 
7f94ec021000-7f94f0000000 ---p 00000000 00:00 0 
7f94f0000000-7f94f0021000 rw-p 00000000 00:00 0 
7f94f0021000-7f94f4000000 ---p 00000000 00:00 0 
7f94f4100000-7f94f4104000 ---p 00000000 00:00 0 
7f94f4104000-7f94f4200000 rw-p 00000000 00:00 0 
7f94f4200000-7f94f4204000 ---p 00000000 00:00 0 
7f94f4204000-7f94f4300000 rw-p 00000000 00:00 0 
7f94f4300000-7f94f4304000 ---p 00000000 00:00 0 
7f94f4304000-7f94f4400000 rw-p 00000000 00:00 0 
7f94f4400000-7f94f4404000 ---p 00000000 00:00 0 
7f94f4404000-7f94f4500000 rw-p 00000000 00:00 0 
7f94f4500000-7f94f4504000 ---p 00000000 00:00 0 
7f94f4504000-7f94f4600000 rw-p 00000000 00:00 0 
7f94f4600000-7f94f4604000 ---p 00000000 00:00 0 
7f94f4604000-7f94f4700000 rw-p 00000000 00:00 0 
7f94f4700000-7f94f4704000 ---p 00000000 00:00 0 
7f94f4704000-7f94f4800000 rw-p 00000000 00:00 0 
7f94f4800000-7f94f4804000 ---p 00000000 00:00 0 
7f94f4804000-7f94f4900000 rw-p 00000000 00:00 0 
7f94f4900000-7f94f4904000 ---p 00000000 00:00 0 
7f94f4904000-7f94f4a00000 rw-p 00000000 00:00 0 
7f94f4a00000-7f94f4a04000 ---p 00000000 00:00 0 
7f94f4a04000-7f94f4b00000 rw-p 00000000 00:00 0 
7f94f4b00000-7f94f4b04000 ---p 00000000 00:00 0 
7f94f4b04000-7f94f4c00000 rw-p 00000000 00:00 0 
7f94f4c00000-7f94f4c04000 ---p 00000000 00:00 0 
7f94f4c04000-7f94f4d00000 rw-p 00000000 00:00 0 
7f94f4d00000-7f94f4d04000 ---p 00000000 00:00 0 
7f94f4d04000-7f94f4e00000 rw-p 00000000 00:00 0 
7f94f4e00000-7f94f4e04000 ---p 00000000 00:00 0 
7f94f4e04000-7f94f4f00000 rw-p 00000000 00:00 0 
7f94f4f00000-7f94f4f04000 ---p 00000000 00:00 0 
7f94f4f04000-7f94f5000000 rw-p 00000000 00:00 0 
7f94f5000000-7f94f5004000 ---p 00000000 00:00 0 
7f94f5004000-7f94f5100000 rw-p 00000000 00:00 0 
7f94f5100000-7f94f5104000 ---p 00000000 00:00 0 
7f94f5104000-7f94f5200000 rw-p 00000000 00:00 0 
7f94f5200000-7f94f5204000 ---p 00000000 00:00 0 
7f94f5204000-7f94f5300000 rw-p 00000000 00:00 0 
7f94f5300000-7f94f5304000 ---p 00000000 00:00 0 
7f94f5304000-7f94f5400000 rw-p 00000000 00:00 0 
7f94f5400000-7f94f5404000 ---p 00000000 00:00 0 
7f94f5404000-7f94f5500000 rw-p 00000000 00:00 0 
7f94f5500000-7f94f5504000 ---p 00000000 00:00 0 
7f94f5504000-7f94f5600000 rw-p 00000000 00:00 0 
7f94f5600000-7f94f5604000 ---p 00000000 00:00 0 
7f94f5604000-7f94f5700000 rw-p 00000000 00:00 0 
7f94f5700000-7f94f5704000 ---p 00000000 00:00 0 
7f94f5704000-7f94f5800000 rw-p 00000000 00:00 0 
7f94f5800000-7f94f5804000 ---p 00000000 00:00 0 
7f94f5804000-7f94f5900000 rw-p 00000000 00:00 0 
7f94f5900000-7f94f5904000 ---p 00000000 00:00 0 
7f94f5904000-7f94f5a00000 rw-p 00000000 00:00 0 
7f94f5a00000-7f94f5a04000 ---p 00000000 00:00 0 
7f94f5a04000-7f94f5b00000 rw-p 00000000 00:00 0 
7f94f5b00000-7f94f5b04000 ---p 00000000 00:00 0 
7f94f5b04000-7f94f5c00000 rw-p 00000000 00:00 0 
7f94f5c00000-7f94f5c04000 ---p 00000000 00:00 0 
7f94f5c04000-7f94f5d00000 rw-p 00000000 00:00 0 
7f94f5d00000-7f94f5d04000 ---p 00000000 00:00 0 
7f94f5d04000-7f94f5e00000 rw-p 00000000 00:00 0 
7f94f5e00000-7f94f5e04000 ---p 00000000 00:00 0 
7f94f5e04000-7f94f5f00000 rw-p 00000000 00:00 0 
7f94f5f00000-7f94f5f04000 ---p 00000000 00:00 0 
7f94f5f04000-7f94f6000000 rw-p 00000000 00:00 0 
7f94f6000000-7f94f6004000 ---p 00000000 00:00 0 
7f94f6004000-7f94f6100000 rw-p 00000000 00:00 0 
7f94f6100000-7f94f6104000 ---p 00000000 00:00 0 
7f94f6104000-7f94f6200000 rw-p 00000000 00:00 0 
7f94f6200000-7f94f6204000 ---p 00000000 00:00 0 
7f94f6204000-7f94f6300000 rw-p 00000000 00:00 0 
7f94f6300000-7f94f6304000 ---p 00000000 00:00 0 
7f94f6304000-7f94f64c0000 rw-p 00000000 00:00 0 
7f94f64c0000-7f94f6600000 ---p 00000000 00:00 0 
7f94f6600000-7f94f6604000 ---p 00000000 00:00 0 
7f94f6604000-7f94f6700000 rw-p 00000000 00:00 0 
7f94f6700000-7f94f6704000 ---p 00000000 00:00 0 
7f94f6704000-7f94f69ec000 rw-p 00000000 00:00 0 
7f94f69ec000-7f94f6a00000 ---p 00000000 00:00 0 
7f94f6a00000-7f94f6c00000 rw-p 00000000 00:00 0 
7f94f6c00000-7f94f6e00000 rw-p 00000000 00:00 0 
7f94f6e00000-7f94f7000000 rw-p 00000000 00:00 0 
7f94f7000000-7f94f7040000 r-xp 00000000 08:06 8017                       /Soft/IntelliJ IDEA 2022.1.2 Ultimate/idea-IU-221.5787.30/jbr/lib/libsunec.so
7f94f7040000-7f94f723f000 ---p 00040000 08:06 8017                       /Soft/IntelliJ IDEA 2022.1.2 Ultimate/idea-IU-221.5787.30/jbr/lib/libsunec.so
7f94f723f000-7f94f7244000 r--p 0003f000 08:06 8017                       /Soft/IntelliJ IDEA 2022.1.2 Ultimate/idea-IU-221.5787.30/jbr/lib/libsunec.so
7f94f7244000-7f94f7246000 rw-p 00044000 08:06 8017                       /Soft/IntelliJ IDEA 2022.1.2 Ultimate/idea-IU-221.5787.30/jbr/lib/libsunec.so
7f94f7300000-7f94f7304000 ---p 00000000 00:00 0 
7f94f7304000-7f94f7400000 rw-p 00000000 00:00 0 
7f94f7400000-7f94f7406000 r-xp 00000000 08:06 8003                       /Soft/IntelliJ IDEA 2022.1.2 Ultimate/idea-IU-221.5787.30/jbr/lib/libmanagement_ext.so
7f94f7406000-7f94f7605000 ---p 00006000 08:06 8003                       /Soft/IntelliJ IDEA 2022.1.2 Ultimate/idea-IU-221.5787.30/jbr/lib/libmanagement_ext.so
7f94f7605000-7f94f7606000 r--p 00005000 08:06 8003                       /Soft/IntelliJ IDEA 2022.1.2 Ultimate/idea-IU-221.5787.30/jbr/lib/libmanagement_ext.so
7f94f7606000-7f94f7607000 rw-p 00000000 00:00 0 
7f94f7700000-7f94f7704000 ---p 00000000 00:00 0 
7f94f7704000-7f94f7800000 rw-p 00000000 00:00 0 
7f94f7800000-7f94f7804000 r-xp 00000000 08:06 8001                       /Soft/IntelliJ IDEA 2022.1.2 Ultimate/idea-IU-221.5787.30/jbr/lib/libmanagement.so
7f94f7804000-7f94f7a03000 ---p 00004000 08:06 8001                       /Soft/IntelliJ IDEA 2022.1.2 Ultimate/idea-IU-221.5787.30/jbr/lib/libmanagement.so
7f94f7a03000-7f94f7a04000 r--p 00003000 08:06 8001                       /Soft/IntelliJ IDEA 2022.1.2 Ultimate/idea-IU-221.5787.30/jbr/lib/libmanagement.so
7f94f7a04000-7f94f7a05000 rw-p 00000000 00:00 0 
7f94f7bf8000-7f94f7bf9000 ---p 00000000 00:00 0 
7f94f7bf9000-7f94f7cfa000 rw-p 00000000 00:00 0 
7f94f7cfa000-7f94f7cfb000 ---p 00000000 00:00 0 
7f94f7cfb000-7f94f7dfc000 rw-p 00000000 00:00 0 
7f94f7dfc000-7f94f7dfd000 ---p 00000000 00:00 0 
7f94f7dfd000-7f94f7efe000 rw-p 00000000 00:00 0 
7f94f7efe000-7f94f7eff000 ---p 00000000 00:00 0 
7f94f7eff000-7f94f8000000 rw-p 00000000 00:00 0 
7f94f8000000-7f94f8bff000 rw-p 00000000 00:00 0 
7f94f8bff000-7f94fc000000 ---p 00000000 00:00 0 
7f94fc000000-7f94fc023000 rw-p 00000000 00:00 0 
7f94fc023000-7f9500000000 ---p 00000000 00:00 0 
7f9500000000-7f9500021000 rw-p 00000000 00:00 0 
7f9500021000-7f9504000000 ---p 00000000 00:00 0 
7f9504000000-7f95040e3000 rw-p 00000000 00:00 0 
7f95040e3000-7f9508000000 ---p 00000000 00:00 0 
7f9508000000-7f9508021000 rw-p 00000000 00:00 0 
7f9508021000-7f950c000000 ---p 00000000 00:00 0 
7f950c000000-7f950c021000 rw-p 00000000 00:00 0 
7f950c021000-7f9510000000 ---p 00000000 00:00 0 
7f9510000000-7f9510021000 rw-p 00000000 00:00 0 
7f9510021000-7f9514000000 ---p 00000000 00:00 0 
7f9514000000-7f9514021000 rw-p 00000000 00:00 0 
7f9514021000-7f9518000000 ---p 00000000 00:00 0 
7f9518000000-7f9518021000 rw-p 00000000 00:00 0 
7f9518021000-7f951c000000 ---p 00000000 00:00 0 
7f951c000000-7f951c021000 rw-p 00000000 00:00 0 
7f951c021000-7f9520000000 ---p 00000000 00:00 0 
7f9520000000-7f9522a31000 rw-p 00000000 00:00 0 
7f9522a31000-7f9524000000 ---p 00000000 00:00 0 
7f9524000000-7f9524612000 rw-p 00000000 00:00 0 
7f9524612000-7f9528000000 ---p 00000000 00:00 0 
7f9528000000-7f9528021000 rw-p 00000000 00:00 0 
7f9528021000-7f952c000000 ---p 00000000 00:00 0 
7f952c000000-7f952c021000 rw-p 00000000 00:00 0 
7f952c021000-7f9530000000 ---p 00000000 00:00 0 
7f9530000000-7f9530021000 rw-p 00000000 00:00 0 
7f9530021000-7f9534000000 ---p 00000000 00:00 0 
7f9534000000-7f9534021000 rw-p 00000000 00:00 0 
7f9534021000-7f9538000000 ---p 00000000 00:00 0 
7f9538000000-7f9538021000 rw-p 00000000 00:00 0 
7f9538021000-7f953c000000 ---p 00000000 00:00 0 
7f953c000000-7f953c2aa000 rw-p 00000000 00:00 0 
7f953c2aa000-7f9540000000 ---p 00000000 00:00 0 
7f9540000000-7f9540021000 rw-p 00000000 00:00 0 
7f9540021000-7f9544004000 ---p 00000000 00:00 0 
7f9544004000-7f9544300000 rw-p 00000000 00:00 0 
7f9544300000-7f9544304000 ---p 00000000 00:00 0 
7f9544304000-7f9544400000 rw-p 00000000 00:00 0 
7f9544400000-7f9544404000 ---p 00000000 00:00 0 
7f9544404000-7f9544500000 rw-p 00000000 00:00 0 
7f9544500000-7f9544504000 ---p 00000000 00:00 0 
7f9544504000-7f9544800000 rw-p 00000000 00:00 0 
7f9544800000-7f9544801000 r-xp 00000000 08:06 8013                       /Soft/IntelliJ IDEA 2022.1.2 Ultimate/idea-IU-221.5787.30/jbr/lib/librmi.so
7f9544801000-7f9544a00000 ---p 00001000 08:06 8013                       /Soft/IntelliJ IDEA 2022.1.2 Ultimate/idea-IU-221.5787.30/jbr/lib/librmi.so
7f9544a00000-7f9544a01000 r--p 00000000 08:06 8013                       /Soft/IntelliJ IDEA 2022.1.2 Ultimate/idea-IU-221.5787.30/jbr/lib/librmi.so
7f9544a01000-7f9544a02000 rw-p 00000000 00:00 0 
7f9544b00000-7f9544b04000 ---p 00000000 00:00 0 
7f9544b04000-7f9544c00000 rw-p 00000000 00:00 0 
7f9544c00000-7f9544c02000 r-xp 00000000 08:06 7982                       /Soft/IntelliJ IDEA 2022.1.2 Ultimate/idea-IU-221.5787.30/jbr/lib/libextnet.so
7f9544c02000-7f9544e01000 ---p 00002000 08:06 7982                       /Soft/IntelliJ IDEA 2022.1.2 Ultimate/idea-IU-221.5787.30/jbr/lib/libextnet.so
7f9544e01000-7f9544e02000 r--p 00001000 08:06 7982                       /Soft/IntelliJ IDEA 2022.1.2 Ultimate/idea-IU-221.5787.30/jbr/lib/libextnet.so
7f9544e02000-7f9544e03000 rw-p 00000000 00:00 0 
7f9544f00000-7f9544f04000 ---p 00000000 00:00 0 
7f9544f04000-7f9545000000 rw-p 00000000 00:00 0 
7f9545000000-7f9545015000 r-xp 00000000 08:06 8008                       /Soft/IntelliJ IDEA 2022.1.2 Ultimate/idea-IU-221.5787.30/jbr/lib/libnet.so
7f9545015000-7f9545214000 ---p 00015000 08:06 8008                       /Soft/IntelliJ IDEA 2022.1.2 Ultimate/idea-IU-221.5787.30/jbr/lib/libnet.so
7f9545214000-7f9545215000 r--p 00014000 08:06 8008                       /Soft/IntelliJ IDEA 2022.1.2 Ultimate/idea-IU-221.5787.30/jbr/lib/libnet.so
7f9545215000-7f9545216000 rw-p 00015000 08:06 8008                       /Soft/IntelliJ IDEA 2022.1.2 Ultimate/idea-IU-221.5787.30/jbr/lib/libnet.so
7f9545300000-7f9545304000 ---p 00000000 00:00 0 
7f9545304000-7f9545400000 rw-p 00000000 00:00 0 
7f9545400000-7f9545410000 r-xp 00000000 08:06 8011                       /Soft/IntelliJ IDEA 2022.1.2 Ultimate/idea-IU-221.5787.30/jbr/lib/libnio.so
7f9545410000-7f954560f000 ---p 00010000 08:06 8011                       /Soft/IntelliJ IDEA 2022.1.2 Ultimate/idea-IU-221.5787.30/jbr/lib/libnio.so
7f954560f000-7f9545610000 r--p 0000f000 08:06 8011                       /Soft/IntelliJ IDEA 2022.1.2 Ultimate/idea-IU-221.5787.30/jbr/lib/libnio.so
7f9545610000-7f9545611000 rw-p 00010000 08:06 8011                       /Soft/IntelliJ IDEA 2022.1.2 Ultimate/idea-IU-221.5787.30/jbr/lib/libnio.so
7f9545689000-7f954568d000 ---p 00000000 00:00 0 
7f954568d000-7f9545789000 rw-p 00000000 00:00 0 
7f9545789000-7f954578d000 ---p 00000000 00:00 0 
7f954578d000-7f9545889000 rw-p 00000000 00:00 0 
7f9545889000-7f954588a000 ---p 00000000 00:00 0 
7f954588a000-7f954598b000 rw-p 00000000 00:00 0 
7f954598b000-7f954598f000 ---p 00000000 00:00 0 
7f954598f000-7f9545a8b000 rw-p 00000000 00:00 0 
7f9545a8b000-7f9546000000 r--p 00000000 08:08 6816187                    /usr/lib/locale/locale-archive
7f9546000000-7f9548000000 rw-p 00000000 00:00 0 
7f9548000000-7f9548021000 rw-p 00000000 00:00 0 
7f9548021000-7f954c000000 ---p 00000000 00:00 0 
7f954c000000-7f954c021000 rw-p 00000000 00:00 0 
7f954c021000-7f9550000000 ---p 00000000 00:00 0 
7f9550000000-7f9550021000 rw-p 00000000 00:00 0 
7f9550021000-7f9554000000 ---p 00000000 00:00 0 
7f95540b6000-7f95540ba000 ---p 00000000 00:00 0 
7f95540ba000-7f95541b6000 rw-p 00000000 00:00 0 
7f95541b6000-7f95541ba000 ---p 00000000 00:00 0 
7f95541ba000-7f95542b6000 rw-p 00000000 00:00 0 
7f95542b6000-7f95542ba000 ---p 00000000 00:00 0 
7f95542ba000-7f95543b6000 rw-p 00000000 00:00 0 
7f95543b6000-7f95543ba000 ---p 00000000 00:00 0 
7f95543ba000-7f95544b6000 rw-p 00000000 00:00 0 
7f95544b6000-7f95544ba000 ---p 00000000 00:00 0 
7f95544ba000-7f95545b6000 rw-p 00000000 00:00 0 
7f95545b6000-7f95545ba000 ---p 00000000 00:00 0 
7f95545ba000-7f95546b6000 rw-p 00000000 00:00 0 
7f95546b6000-7f95546b7000 ---p 00000000 00:00 0 
7f95546b7000-7f9554fb8000 rw-p 00000000 00:00 0 
7f9554fb8000-7f9554fb9000 ---p 00000000 00:00 0 
7f9554fb9000-7f95550ba000 rw-p 00000000 00:00 0 
7f95550ba000-7f95550bb000 ---p 00000000 00:00 0 
7f95550bb000-7f95553be000 rw-p 00000000 00:00 0 
7f95553be000-7f955562e000 rwxp 00000000 00:00 0 
7f955562e000-7f955594e000 ---p 00000000 00:00 0 
7f955594e000-7f955611e000 rwxp 00000000 00:00 0 
7f955611e000-7f955ce86000 ---p 00000000 00:00 0 
7f955ce86000-7f955d0f6000 rwxp 00000000 00:00 0 
7f955d0f6000-7f95643be000 ---p 00000000 00:00 0 
7f95643be000-7f9568000000 r--s 00000000 08:06 8077                       /Soft/IntelliJ IDEA 2022.1.2 Ultimate/idea-IU-221.5787.30/jbr/lib/modules
7f9568000000-7f9568385000 rw-p 00000000 00:00 0 
7f9568385000-7f956c000000 ---p 00000000 00:00 0 
7f956c023000-7f956c225000 rw-p 00000000 00:00 0 
7f956c225000-7f956c226000 ---p 00000000 00:00 0 
7f956c226000-7f956c327000 rw-p 00000000 00:00 0 
7f956c327000-7f956c328000 ---p 00000000 00:00 0 
7f956c328000-7f956c629000 rw-p 00000000 00:00 0 
7f956c629000-7f956cfe1000 ---p 00000000 00:00 0 
7f956cfe1000-7f956d1e1000 rw-p 00000000 00:00 0 
7f956d1e1000-7f956db99000 ---p 00000000 00:00 0 
7f956db99000-7f956dbd9000 rw-p 00000000 00:00 0 
7f956dbd9000-7f956dd10000 ---p 00000000 00:00 0 
7f956dd10000-7f956dd50000 rw-p 00000000 00:00 0 
7f956dd50000-7f956de87000 ---p 00000000 00:00 0 
7f956de87000-7f956dec7000 rw-p 00000000 00:00 0 
7f956dec7000-7f956dffe000 ---p 00000000 00:00 0 
7f956dffe000-7f956e200000 rw-p 00000000 00:00 0 
7f956e200000-7f956e208000 r-xp 00000000 08:06 8022                       /Soft/IntelliJ IDEA 2022.1.2 Ultimate/idea-IU-221.5787.30/jbr/lib/libzip.so
7f956e208000-7f956e407000 ---p 00008000 08:06 8022                       /Soft/IntelliJ IDEA 2022.1.2 Ultimate/idea-IU-221.5787.30/jbr/lib/libzip.so
7f956e407000-7f956e408000 r--p 00007000 08:06 8022                       /Soft/IntelliJ IDEA 2022.1.2 Ultimate/idea-IU-221.5787.30/jbr/lib/libzip.so
7f956e408000-7f956e409000 rw-p 00000000 00:00 0 
7f956e4ff000-7f956e600000 rw-p 00000000 00:00 0 
7f956e600000-7f956e61b000 r-xp 00000000 08:06 7995                       /Soft/IntelliJ IDEA 2022.1.2 Ultimate/idea-IU-221.5787.30/jbr/lib/libjimage.so
7f956e61b000-7f956e81a000 ---p 0001b000 08:06 7995                       /Soft/IntelliJ IDEA 2022.1.2 Ultimate/idea-IU-221.5787.30/jbr/lib/libjimage.so
7f956e81a000-7f956e81c000 r--p 0001a000 08:06 7995                       /Soft/IntelliJ IDEA 2022.1.2 Ultimate/idea-IU-221.5787.30/jbr/lib/libjimage.so
7f956e81c000-7f956e81d000 rw-p 0001c000 08:06 7995                       /Soft/IntelliJ IDEA 2022.1.2 Ultimate/idea-IU-221.5787.30/jbr/lib/libjimage.so
7f956e87e000-7f956ea00000 rw-p 00000000 00:00 0 
7f956ea00000-7f956ea29000 r-xp 00000000 08:06 7990                       /Soft/IntelliJ IDEA 2022.1.2 Ultimate/idea-IU-221.5787.30/jbr/lib/libjava.so
7f956ea29000-7f956ec29000 ---p 00029000 08:06 7990                       /Soft/IntelliJ IDEA 2022.1.2 Ultimate/idea-IU-221.5787.30/jbr/lib/libjava.so
7f956ec29000-7f956ec2a000 r--p 00029000 08:06 7990                       /Soft/IntelliJ IDEA 2022.1.2 Ultimate/idea-IU-221.5787.30/jbr/lib/libjava.so
7f956ec2a000-7f956ec2b000 rw-p 0002a000 08:06 7990                       /Soft/IntelliJ IDEA 2022.1.2 Ultimate/idea-IU-221.5787.30/jbr/lib/libjava.so
7f956ec2b000-7f956ec2c000 rw-p 00000000 00:00 0 
7f956ec72000-7f956ecfe000 rw-p 00000000 00:00 0 
7f956ecfe000-7f956ecff000 ---p 00000000 00:00 0 
7f956ecff000-7f956ee00000 rw-p 00000000 00:00 0 
7f956ee00000-7f956ee0d000 r-xp 00000000 08:06 8019                       /Soft/IntelliJ IDEA 2022.1.2 Ultimate/idea-IU-221.5787.30/jbr/lib/libverify.so
7f956ee0d000-7f956f00c000 ---p 0000d000 08:06 8019                       /Soft/IntelliJ IDEA 2022.1.2 Ultimate/idea-IU-221.5787.30/jbr/lib/libverify.so
7f956f00c000-7f956f00e000 r--p 0000c000 08:06 8019                       /Soft/IntelliJ IDEA 2022.1.2 Ultimate/idea-IU-221.5787.30/jbr/lib/libverify.so
7f956f00e000-7f956f00f000 rw-p 00000000 00:00 0 
7f956f02a000-7f956f02f000 rw-p 00000000 00:00 0 
7f956f02f000-7f956f115000 ---p 00000000 00:00 0 
7f956f115000-7f956f125000 rw-p 00000000 00:00 0 
7f956f125000-7f956f200000 ---p 00000000 00:00 0 
7f956f200000-7f9570351000 r-xp 00000000 08:06 8089                       /Soft/IntelliJ IDEA 2022.1.2 Ultimate/idea-IU-221.5787.30/jbr/lib/server/libjvm.so
7f9570351000-7f9570551000 ---p 01151000 08:06 8089                       /Soft/IntelliJ IDEA 2022.1.2 Ultimate/idea-IU-221.5787.30/jbr/lib/server/libjvm.so
7f9570551000-7f9570616000 r--p 01151000 08:06 8089                       /Soft/IntelliJ IDEA 2022.1.2 Ultimate/idea-IU-221.5787.30/jbr/lib/server/libjvm.so
7f9570616000-7f9570651000 rw-p 01216000 08:06 8089                       /Soft/IntelliJ IDEA 2022.1.2 Ultimate/idea-IU-221.5787.30/jbr/lib/server/libjvm.so
7f9570651000-7f95706a8000 rw-p 00000000 00:00 0 
7f95706aa000-7f95706d8000 r--p 00000000 08:08 7736504                    /usr/share/locale-langpack/ru/LC_MESSAGES/libc.mo
7f95706d8000-7f95706dc000 ---p 00000000 00:00 0 
7f95706dc000-7f95707d8000 rw-p 00000000 00:00 0 
7f95707d8000-7f9570800000 r--p 00000000 08:08 6818122                    /usr/lib/x86_64-linux-gnu/libc.so.6
7f9570800000-7f9570995000 r-xp 00028000 08:08 6818122                    /usr/lib/x86_64-linux-gnu/libc.so.6
7f9570995000-7f95709ed000 r--p 001bd000 08:08 6818122                    /usr/lib/x86_64-linux-gnu/libc.so.6
7f95709ed000-7f95709f1000 r--p 00214000 08:08 6818122                    /usr/lib/x86_64-linux-gnu/libc.so.6
7f95709f1000-7f95709f3000 rw-p 00218000 08:08 6818122                    /usr/lib/x86_64-linux-gnu/libc.so.6
7f95709f3000-7f9570a00000 rw-p 00000000 00:00 0 
7f9570a00000-7f9570a0f000 r-xp 00000000 08:06 7971                       /Soft/IntelliJ IDEA 2022.1.2 Ultimate/idea-IU-221.5787.30/jbr/lib/jli/libjli.so
7f9570a0f000-7f9570c0e000 ---p 0000f000 08:06 7971                       /Soft/IntelliJ IDEA 2022.1.2 Ultimate/idea-IU-221.5787.30/jbr/lib/jli/libjli.so
7f9570c0e000-7f9570c0f000 r--p 0000e000 08:06 7971                       /Soft/IntelliJ IDEA 2022.1.2 Ultimate/idea-IU-221.5787.30/jbr/lib/jli/libjli.so
7f9570c0f000-7f9570c10000 rw-p 0000f000 08:06 7971                       /Soft/IntelliJ IDEA 2022.1.2 Ultimate/idea-IU-221.5787.30/jbr/lib/jli/libjli.so
7f9570c31000-7f9570c38000 r--s 00000000 08:08 7477235                    /usr/lib/x86_64-linux-gnu/gconv/gconv-modules.cache
7f9570c38000-7f9570cbb000 rw-p 00000000 00:00 0 
7f9570cbb000-7f9570cbc000 r--p 00000000 08:08 6818162                    /usr/lib/x86_64-linux-gnu/librt.so.1
7f9570cbc000-7f9570cbd000 r-xp 00001000 08:08 6818162                    /usr/lib/x86_64-linux-gnu/librt.so.1
7f9570cbd000-7f9570cbe000 r--p 00002000 08:08 6818162                    /usr/lib/x86_64-linux-gnu/librt.so.1
7f9570cbe000-7f9570cbf000 r--p 00002000 08:08 6818162                    /usr/lib/x86_64-linux-gnu/librt.so.1
7f9570cbf000-7f9570cc0000 rw-p 00003000 08:08 6818162                    /usr/lib/x86_64-linux-gnu/librt.so.1
7f9570cc0000-7f9570cce000 r--p 00000000 08:08 6818130                    /usr/lib/x86_64-linux-gnu/libm.so.6
7f9570cce000-7f9570d4a000 r-xp 0000e000 08:08 6818130                    /usr/lib/x86_64-linux-gnu/libm.so.6
7f9570d4a000-7f9570da5000 r--p 0008a000 08:08 6818130                    /usr/lib/x86_64-linux-gnu/libm.so.6
7f9570da5000-7f9570da6000 r--p 000e4000 08:08 6818130                    /usr/lib/x86_64-linux-gnu/libm.so.6
7f9570da6000-7f9570da7000 rw-p 000e5000 08:08 6818130                    /usr/lib/x86_64-linux-gnu/libm.so.6
7f9570da7000-7f9570dab000 rw-p 00000000 00:00 0 
7f9570dab000-7f9570dac000 r--p 00000000 08:08 6818126                    /usr/lib/x86_64-linux-gnu/libdl.so.2
7f9570dac000-7f9570dad000 r-xp 00001000 08:08 6818126                    /usr/lib/x86_64-linux-gnu/libdl.so.2
7f9570dad000-7f9570dae000 r--p 00002000 08:08 6818126                    /usr/lib/x86_64-linux-gnu/libdl.so.2
7f9570dae000-7f9570daf000 r--p 00002000 08:08 6818126                    /usr/lib/x86_64-linux-gnu/libdl.so.2
7f9570daf000-7f9570db0000 rw-p 00003000 08:08 6818126                    /usr/lib/x86_64-linux-gnu/libdl.so.2
7f9570db0000-7f9570db1000 r--p 00000000 08:08 6818157                    /usr/lib/x86_64-linux-gnu/libpthread.so.0
7f9570db1000-7f9570db2000 r-xp 00001000 08:08 6818157                    /usr/lib/x86_64-linux-gnu/libpthread.so.0
7f9570db2000-7f9570db3000 r--p 00002000 08:08 6818157                    /usr/lib/x86_64-linux-gnu/libpthread.so.0
7f9570db3000-7f9570db4000 r--p 00002000 08:08 6818157                    /usr/lib/x86_64-linux-gnu/libpthread.so.0
7f9570db4000-7f9570db5000 rw-p 00003000 08:08 6818157                    /usr/lib/x86_64-linux-gnu/libpthread.so.0
7f9570db5000-7f9570db7000 r--p 00000000 08:08 6816115                    /usr/lib/x86_64-linux-gnu/libz.so.1.2.11
7f9570db7000-7f9570dc8000 r-xp 00002000 08:08 6816115                    /usr/lib/x86_64-linux-gnu/libz.so.1.2.11
7f9570dc8000-7f9570dce000 r--p 00013000 08:08 6816115                    /usr/lib/x86_64-linux-gnu/libz.so.1.2.11
7f9570dce000-7f9570dcf000 ---p 00019000 08:08 6816115                    /usr/lib/x86_64-linux-gnu/libz.so.1.2.11
7f9570dcf000-7f9570dd0000 r--p 00019000 08:08 6816115                    /usr/lib/x86_64-linux-gnu/libz.so.1.2.11
7f9570dd0000-7f9570dd1000 rw-p 0001a000 08:08 6816115                    /usr/lib/x86_64-linux-gnu/libz.so.1.2.11
7f9570dd1000-7f9570dd6000 rw-p 00000000 00:00 0 
7f9570dd6000-7f9570ddd000 ---p 00000000 00:00 0 
7f9570ddd000-7f9570de5000 rw-s 00000000 08:08 9437282                    /tmp/hsperfdata_vitaliy/8627
7f9570de5000-7f9570de6000 ---p 00000000 00:00 0 
7f9570de6000-7f9570de7000 r--p 00000000 00:00 0 
7f9570de7000-7f9570de9000 rw-p 00000000 00:00 0 
7f9570de9000-7f9570deb000 r--p 00000000 08:08 6818114                    /usr/lib/x86_64-linux-gnu/ld-linux-x86-64.so.2
7f9570deb000-7f9570e15000 r-xp 00002000 08:08 6818114                    /usr/lib/x86_64-linux-gnu/ld-linux-x86-64.so.2
7f9570e15000-7f9570e20000 r--p 0002c000 08:08 6818114                    /usr/lib/x86_64-linux-gnu/ld-linux-x86-64.so.2
7f9570e21000-7f9570e23000 r--p 00037000 08:08 6818114                    /usr/lib/x86_64-linux-gnu/ld-linux-x86-64.so.2
7f9570e23000-7f9570e25000 rw-p 00039000 08:08 6818114                    /usr/lib/x86_64-linux-gnu/ld-linux-x86-64.so.2
7ffdb1d29000-7ffdb1d4a000 rw-p 00000000 00:00 0                          [stack]
7ffdb1d7d000-7ffdb1d81000 r--p 00000000 00:00 0                          [vvar]
7ffdb1d81000-7ffdb1d83000 r-xp 00000000 00:00 0                          [vdso]
ffffffffff600000-ffffffffff601000 --xp 00000000 00:00 0                  [vsyscall]


VM Arguments:
jvm_args: -Djava.rmi.server.hostname=127.0.0.1 -Duser.timezone=UTC -Xmx750m -Xms128m -Dfile.encoding=UTF-8 
java_command: com.intellij.database.remote.RemoteJdbcServer org.postgresql.Driver
java_class_path (initial): /media/vitaliy/Data/Soft/IntelliJ IDEA 2022.1.2 Ultimate/idea-IU-221.5787.30/lib/util_rt.jar:/media/vitaliy/Data/Soft/IntelliJ IDEA 2022.1.2 Ultimate/idea-IU-221.5787.30/lib/util.jar:/media/vitaliy/Data/Soft/IntelliJ IDEA 2022.1.2 Ultimate/idea-IU-221.5787.30/lib/groovy.jar:/media/vitaliy/Data/Soft/IntelliJ IDEA 2022.1.2 Ultimate/idea-IU-221.5787.30/plugins/DatabaseTools/lib/jdbc-console.jar:/home/vitaliy/.config/JetBrains/IntelliJIdea2022.1/jdbc-drivers/PostgreSQL/42.5.0/org/postgresql/postgresql/42.5.0/postgresql-42.5.0.jar:/home/vitaliy/.config/JetBrains/IntelliJIdea2022.1/jdbc-drivers/PostgreSQL/42.5.0/org/checkerframework/checker-qual/3.5.0/checker-qual-3.5.0.jar
Launcher Type: SUN_STANDARD

[Global flags]
     intx CICompilerCount                          = 3                                         {product} {ergonomic}
     uint ConcGCThreads                            = 1                                         {product} {ergonomic}
     uint G1ConcRefinementThreads                  = 4                                         {product} {ergonomic}
   size_t G1HeapRegionSize                         = 1048576                                   {product} {ergonomic}
    uintx GCDrainStackTargetSize                   = 64                                        {product} {ergonomic}
   size_t InitialHeapSize                          = 134217728                                 {product} {command line}
   size_t MarkStackSize                            = 4194304                                   {product} {ergonomic}
   size_t MaxHeapSize                              = 786432000                                 {product} {command line}
   size_t MaxNewSize                               = 471859200                                 {product} {ergonomic}
   size_t MinHeapDeltaBytes                        = 1048576                                   {product} {ergonomic}
    uintx NonNMethodCodeHeapSize                   = 5830732                                {pd product} {ergonomic}
    uintx NonProfiledCodeHeapSize                  = 122913754                              {pd product} {ergonomic}
    uintx ProfiledCodeHeapSize                     = 122913754                              {pd product} {ergonomic}
    uintx ReservedCodeCacheSize                    = 251658240                              {pd product} {ergonomic}
     bool SegmentedCodeCache                       = true                                      {product} {ergonomic}
     bool UseCompressedClassPointers               = true                                 {lp64_product} {ergonomic}
     bool UseCompressedOops                        = true                                 {lp64_product} {ergonomic}
     bool UseG1GC                                  = true                                      {product} {ergonomic}

Logging:
Log output configuration:
 #0: stdout all=warning uptime,level,tags
 #1: stderr all=off uptime,level,tags

Environment Variables:
PATH=/usr/local/sbin:/usr/local/bin:/usr/sbin:/usr/bin:/sbin:/bin:/usr/games:/usr/local/games:/snap/bin
SHELL=/bin/bash
DISPLAY=:0
LANG=ru_RU.UTF-8

Signal Handlers:
SIGSEGV: [libjvm.so+0xe6bc40], sa_mask[0]=11111111011111111101111111111110, sa_flags=SA_RESTART|SA_SIGINFO
SIGBUS: [libjvm.so+0xe6bc40], sa_mask[0]=11111111011111111101111111111110, sa_flags=SA_RESTART|SA_SIGINFO
SIGFPE: [libjvm.so+0xe6bc40], sa_mask[0]=11111111011111111101111111111110, sa_flags=SA_RESTART|SA_SIGINFO
SIGPIPE: [libjvm.so+0xbc0160], sa_mask[0]=11111111011111111101111111111110, sa_flags=SA_RESTART|SA_SIGINFO
SIGXFSZ: [libjvm.so+0xbc0160], sa_mask[0]=11111111011111111101111111111110, sa_flags=SA_RESTART|SA_SIGINFO
SIGILL: [libjvm.so+0xe6bc40], sa_mask[0]=11111111011111111101111111111110, sa_flags=SA_RESTART|SA_SIGINFO
SIGUSR2: [libjvm.so+0xbbfff0], sa_mask[0]=00100000000000000000000000000000, sa_flags=SA_RESTART|SA_SIGINFO
SIGHUP: [libjvm.so+0xbc04e0], sa_mask[0]=11111111011111111101111111111110, sa_flags=SA_RESTART|SA_SIGINFO
SIGINT: [libjvm.so+0xbc04e0], sa_mask[0]=11111111011111111101111111111110, sa_flags=SA_RESTART|SA_SIGINFO
SIGTERM: [libjvm.so+0xbc04e0], sa_mask[0]=11111111011111111101111111111110, sa_flags=SA_RESTART|SA_SIGINFO
SIGQUIT: [libjvm.so+0xbc04e0], sa_mask[0]=11111111011111111101111111111110, sa_flags=SA_RESTART|SA_SIGINFO


---------------  S Y S T E M  ---------------

OS:DISTRIB_ID=Ubuntu
DISTRIB_RELEASE=22.04
DISTRIB_CODENAME=jammy
DISTRIB_DESCRIPTION="Ubuntu 22.04.2 LTS"
uname:Linux 5.15.0-72-generic #79-Ubuntu SMP Wed Apr 19 08:22:18 UTC 2023 x86_64
OS uptime: 0 days 2:33 hours
libc:glibc 2.35 NPTL 2.35 
rlimit (soft/hard): STACK 8192k/infinity , CORE 0k/infinity
[error occurred during error reporting (printing OS information), id 0x7, SIGBUS (0x7) at pc=0x00007f956fdd0f50]

CPU:total 4 (initial active 4) (2 cores per cpu, 2 threads per core) family 6 model 58 stepping 9 microcode 0x21, cmov, cx8, fxsr, mmx, sse, sse2, sse3, ssse3, sse4.1, sse4.2, popcnt, avx, aes, clmul, erms, ht, tsc, tscinvbit, tscinv
CPU Model and flags from /proc/cpuinfo:
model name	: Intel(R) Core(TM) i5-3230M CPU @ 2.60GHz
flags		: fpu vme de pse tsc msr pae mce cx8 apic sep mtrr pge mca cmov pat pse36 clflush dts acpi mmx fxsr sse sse2 ss ht tm pbe syscall nx rdtscp lm constant_tsc arch_perfmon pebs bts rep_good nopl xtopology nonstop_tsc cpuid aperfmperf pni pclmulqdq dtes64 monitor ds_cpl vmx est tm2 ssse3 cx16 xtpr pdcm pcid sse4_1 sse4_2 x2apic popcnt tsc_deadline_timer aes xsave avx f16c rdrand lahf_lm cpuid_fault epb pti ssbd ibrs ibpb stibp tpr_shadow vnmi flexpriority ept vpid fsgsbase smep erms xsaveopt dtherm ida arat pln pts md_clear flush_l1d
Online cpus:
0-3
Offline cpus:
4-7
BIOS frequency limitation:
<Not Available>
Frequency switch latency (ns):
20000
Available cpu frequencies:
<Not Available>
Current governor:
schedutil
Core performance/turbo boost:
<Not Available>

Memory: 4k page, physical 8032688k(5703100k free), swap 2097148k(1964296k free)

vm_info: OpenJDK 64-Bit Server VM (11.0.15+10-b2043.56) for linux-amd64 JRE (11.0.15+10-b2043.56), built on May 15 2022 22:51:08 by "" with gcc 8.3.1 20190311 (Red Hat 8.3.1-3)

END.
